mode: atomic
github.com/rkshvish/vortaraos/internal/cache/lru.go:25.51,26.14 1 6
github.com/rkshvish/vortaraos/internal/cache/lru.go:26.14,28.3 1 0
github.com/rkshvish/vortaraos/internal/cache/lru.go:29.2,33.3 1 6
github.com/rkshvish/vortaraos/internal/cache/lru.go:37.60,41.20 3 110
github.com/rkshvish/vortaraos/internal/cache/lru.go:41.20,43.3 1 0
github.com/rkshvish/vortaraos/internal/cache/lru.go:44.2,44.19 1 110
github.com/rkshvish/vortaraos/internal/cache/lru.go:44.19,46.3 1 0
github.com/rkshvish/vortaraos/internal/cache/lru.go:48.2,48.33 1 110
github.com/rkshvish/vortaraos/internal/cache/lru.go:48.33,50.14 2 0
github.com/rkshvish/vortaraos/internal/cache/lru.go:50.14,52.4 1 0
github.com/rkshvish/vortaraos/internal/cache/lru.go:52.9,54.4 1 0
github.com/rkshvish/vortaraos/internal/cache/lru.go:55.3,56.9 2 0
github.com/rkshvish/vortaraos/internal/cache/lru.go:59.2,59.27 1 110
github.com/rkshvish/vortaraos/internal/cache/lru.go:59.27,61.3 1 2
github.com/rkshvish/vortaraos/internal/cache/lru.go:63.2,67.13 2 110
github.com/rkshvish/vortaraos/internal/cache/lru.go:67.13,69.3 1 1
github.com/rkshvish/vortaraos/internal/cache/lru.go:70.2,71.20 2 110
github.com/rkshvish/vortaraos/internal/cache/lru.go:75.42,81.9 5 108
github.com/rkshvish/vortaraos/internal/cache/lru.go:81.9,83.3 1 3
github.com/rkshvish/vortaraos/internal/cache/lru.go:84.2,84.58 1 105
github.com/rkshvish/vortaraos/internal/cache/lru.go:84.58,87.3 2 1
github.com/rkshvish/vortaraos/internal/cache/lru.go:88.2,89.24 2 104
github.com/rkshvish/vortaraos/internal/cache/lru.go:93.35,97.33 3 1
github.com/rkshvish/vortaraos/internal/cache/lru.go:97.33,99.3 1 1
github.com/rkshvish/vortaraos/internal/cache/lru.go:103.31,107.2 3 0
github.com/rkshvish/vortaraos/internal/cache/lru.go:109.41,111.17 2 2
github.com/rkshvish/vortaraos/internal/cache/lru.go:111.17,113.3 1 0
github.com/rkshvish/vortaraos/internal/cache/lru.go:114.2,114.46 1 2
github.com/rkshvish/vortaraos/internal/cache/lru.go:114.46,116.3 1 2
github.com/rkshvish/vortaraos/internal/cache/lru.go:119.52,120.16 1 4
github.com/rkshvish/vortaraos/internal/cache/lru.go:120.16,122.3 1 0
github.com/rkshvish/vortaraos/internal/cache/lru.go:123.2,124.24 2 4
github.com/rkshvish/vortaraos/internal/cache/lru.go:124.24,127.3 2 4
github.com/rkshvish/vortaraos/api/server.go:35.54,37.2 1 0
github.com/rkshvish/vortaraos/api/server.go:39.58,40.15 1 5
github.com/rkshvish/vortaraos/api/server.go:40.15,42.3 1 5
github.com/rkshvish/vortaraos/api/server.go:43.2,47.3 1 5
github.com/rkshvish/vortaraos/api/server.go:51.51,54.18 3 0
github.com/rkshvish/vortaraos/api/server.go:54.18,56.3 1 0
github.com/rkshvish/vortaraos/api/server.go:58.2,67.16 9 0
github.com/rkshvish/vortaraos/api/server.go:67.16,69.3 1 0
github.com/rkshvish/vortaraos/api/server.go:71.2,73.12 3 0
github.com/rkshvish/vortaraos/api/server.go:73.12,76.3 2 0
github.com/rkshvish/vortaraos/api/server.go:77.2,77.12 1 0
github.com/rkshvish/vortaraos/api/server.go:77.12,79.3 1 0
github.com/rkshvish/vortaraos/api/server.go:80.2,80.12 1 0
github.com/rkshvish/vortaraos/api/server.go:84.31,87.18 3 2
github.com/rkshvish/vortaraos/api/server.go:87.18,89.3 1 2
github.com/rkshvish/vortaraos/api/server.go:90.2,94.12 5 0
github.com/rkshvish/vortaraos/api/server.go:97.71,120.2 5 12
github.com/rkshvish/vortaraos/api/server.go:122.72,126.35 4 1
github.com/rkshvish/vortaraos/api/server.go:126.35,128.3 1 1
github.com/rkshvish/vortaraos/api/server.go:130.2,145.81 16 1
github.com/rkshvish/vortaraos/api/server.go:149.69,151.2 1 0
github.com/rkshvish/vortaraos/api/server.go:155.70,156.21 1 0
github.com/rkshvish/vortaraos/api/server.go:156.21,159.3 2 0
github.com/rkshvish/vortaraos/api/server.go:160.2,161.34 2 0
github.com/rkshvish/vortaraos/api/server.go:161.34,164.3 2 0
github.com/rkshvish/vortaraos/api/server.go:165.2,165.33 1 0
github.com/rkshvish/vortaraos/api/server.go:168.72,171.2 2 0
github.com/rkshvish/vortaraos/api/server.go:173.66,174.21 1 13
github.com/rkshvish/vortaraos/api/server.go:174.21,176.3 1 0
github.com/rkshvish/vortaraos/api/server.go:177.2,177.28 1 13
github.com/rkshvish/vortaraos/api/server.go:180.35,184.2 3 0
github.com/rkshvish/vortaraos/api/server.go:186.34,187.16 1 24
github.com/rkshvish/vortaraos/api/server.go:187.16,189.3 1 24
github.com/rkshvish/vortaraos/api/server.go:190.2,190.37 1 0
github.com/rkshvish/vortaraos/internal/logger/logger.go:15.30,17.16 2 1
github.com/rkshvish/vortaraos/internal/logger/logger.go:17.16,19.3 1 0
github.com/rkshvish/vortaraos/internal/logger/logger.go:20.2,20.47 1 1
github.com/rkshvish/vortaraos/internal/logger/logger.go:24.45,26.33 2 6
github.com/rkshvish/vortaraos/internal/logger/logger.go:27.14,28.53 1 5
github.com/rkshvish/vortaraos/internal/logger/logger.go:29.10,30.53 1 1
github.com/rkshvish/vortaraos/internal/logger/logger.go:35.65,36.14 1 1
github.com/rkshvish/vortaraos/internal/logger/logger.go:36.14,38.3 1 0
github.com/rkshvish/vortaraos/internal/logger/logger.go:39.2,39.50 1 1
github.com/rkshvish/vortaraos/internal/logger/logger.go:43.58,44.14 1 0
github.com/rkshvish/vortaraos/internal/logger/logger.go:44.14,46.3 1 0
github.com/rkshvish/vortaraos/internal/logger/logger.go:47.2,47.44 1 0
github.com/rkshvish/vortaraos/internal/logger/logger.go:51.64,52.14 1 0
github.com/rkshvish/vortaraos/internal/logger/logger.go:52.14,54.3 1 0
github.com/rkshvish/vortaraos/internal/logger/logger.go:55.2,55.49 1 0
github.com/rkshvish/vortaraos/internal/logger/logger.go:59.52,60.16 1 2
github.com/rkshvish/vortaraos/internal/logger/logger.go:60.16,61.70 1 2
github.com/rkshvish/vortaraos/internal/logger/logger.go:61.70,63.4 1 1
github.com/rkshvish/vortaraos/internal/logger/logger.go:65.2,65.20 1 1
github.com/rkshvish/vortaraos/internal/logger/logger.go:69.71,71.2 1 1
github.com/rkshvish/vortaraos/internal/logger/logger.go:73.42,74.51 1 6
github.com/rkshvish/vortaraos/internal/logger/logger.go:75.15,76.25 1 1
github.com/rkshvish/vortaraos/internal/logger/logger.go:77.14,78.24 1 0
github.com/rkshvish/vortaraos/internal/logger/logger.go:79.15,80.25 1 0
github.com/rkshvish/vortaraos/internal/logger/logger.go:81.10,82.24 1 5
github.com/rkshvish/vortaraos/internal/logger/logger.go:86.44,88.18 2 6
github.com/rkshvish/vortaraos/internal/logger/logger.go:88.18,89.19 1 1
github.com/rkshvish/vortaraos/internal/logger/logger.go:89.19,91.4 1 0
github.com/rkshvish/vortaraos/internal/logger/logger.go:92.3,92.16 1 1
github.com/rkshvish/vortaraos/internal/logger/logger.go:94.2,94.22 1 5
github.com/rkshvish/vortaraos/internal/logger/logger.go:94.22,96.3 1 4
github.com/rkshvish/vortaraos/internal/logger/logger.go:97.2,97.15 1 1
github.com/rkshvish/vortaraos/internal/registry/registry.go:23.60,25.2 1 7
github.com/rkshvish/vortaraos/internal/registry/registry.go:29.64,31.2 1 1
github.com/rkshvish/vortaraos/internal/registry/registry.go:35.60,37.2 1 1
github.com/rkshvish/vortaraos/internal/registry/registry.go:40.51,44.9 4 5
github.com/rkshvish/vortaraos/internal/registry/registry.go:44.9,47.3 2 1
github.com/rkshvish/vortaraos/internal/registry/registry.go:48.2,48.23 1 4
github.com/rkshvish/vortaraos/internal/registry/registry.go:52.55,56.9 4 2
github.com/rkshvish/vortaraos/internal/registry/registry.go:56.9,59.3 2 0
github.com/rkshvish/vortaraos/internal/registry/registry.go:60.2,60.23 1 2
github.com/rkshvish/vortaraos/internal/registry/registry.go:64.51,68.9 4 2
github.com/rkshvish/vortaraos/internal/registry/registry.go:68.9,71.3 2 0
github.com/rkshvish/vortaraos/internal/registry/registry.go:72.2,72.23 1 2
github.com/rkshvish/vortaraos/internal/registry/registry.go:76.34,78.2 1 2
github.com/rkshvish/vortaraos/internal/registry/registry.go:81.38,83.2 1 0
github.com/rkshvish/vortaraos/internal/registry/registry.go:86.34,88.2 1 0
github.com/rkshvish/vortaraos/internal/registry/registry.go:90.89,91.20 1 9
github.com/rkshvish/vortaraos/internal/registry/registry.go:91.20,92.55 1 0
github.com/rkshvish/vortaraos/internal/registry/registry.go:94.2,94.20 1 9
github.com/rkshvish/vortaraos/internal/registry/registry.go:94.20,95.48 1 0
github.com/rkshvish/vortaraos/internal/registry/registry.go:98.2,100.43 3 9
github.com/rkshvish/vortaraos/internal/registry/registry.go:100.43,101.65 1 1
github.com/rkshvish/vortaraos/internal/registry/registry.go:103.2,103.28 1 8
github.com/rkshvish/vortaraos/internal/registry/registry.go:106.80,110.9 4 0
github.com/rkshvish/vortaraos/internal/registry/registry.go:110.9,112.3 1 0
github.com/rkshvish/vortaraos/internal/registry/registry.go:113.2,113.23 1 0
github.com/rkshvish/vortaraos/internal/registry/registry.go:116.47,119.27 3 2
github.com/rkshvish/vortaraos/internal/registry/registry.go:119.27,121.3 1 3
github.com/rkshvish/vortaraos/internal/registry/registry.go:122.2,124.14 3 2
github.com/rkshvish/vortaraos/internal/registry/registry.go:127.21,133.2 5 14
github.com/rkshvish/vortaraos/internal/connector/http/auth.go:27.69,28.54 1 4
github.com/rkshvish/vortaraos/internal/connector/http/auth.go:29.10,30.18 1 1
github.com/rkshvish/vortaraos/internal/connector/http/auth.go:31.16,32.41 1 1
github.com/rkshvish/vortaraos/internal/connector/http/auth.go:32.41,34.4 1 1
github.com/rkshvish/vortaraos/internal/connector/http/auth.go:35.3,35.44 1 0
github.com/rkshvish/vortaraos/internal/connector/http/auth.go:36.17,37.77 1 1
github.com/rkshvish/vortaraos/internal/connector/http/auth.go:37.77,39.4 1 0
github.com/rkshvish/vortaraos/internal/connector/http/auth.go:40.3,41.30 2 1
github.com/rkshvish/vortaraos/internal/connector/http/auth.go:41.30,43.4 1 0
github.com/rkshvish/vortaraos/internal/connector/http/auth.go:44.3,48.9 1 1
github.com/rkshvish/vortaraos/internal/connector/http/auth.go:49.15,50.73 1 0
github.com/rkshvish/vortaraos/internal/connector/http/auth.go:51.35,52.130 1 0
github.com/rkshvish/vortaraos/internal/connector/http/auth.go:52.130,54.4 1 0
github.com/rkshvish/vortaraos/internal/connector/http/auth.go:55.3,60.9 1 0
github.com/rkshvish/vortaraos/internal/connector/http/auth.go:61.10,62.117 1 1
github.com/rkshvish/vortaraos/internal/connector/http/auth.go:72.36,72.55 1 0
github.com/rkshvish/vortaraos/internal/connector/http/auth.go:75.56,78.2 2 1
github.com/rkshvish/vortaraos/internal/connector/http/auth.go:88.36,88.56 1 0
github.com/rkshvish/vortaraos/internal/connector/http/auth.go:91.56,92.16 1 2
github.com/rkshvish/vortaraos/internal/connector/http/auth.go:92.16,95.3 2 1
github.com/rkshvish/vortaraos/internal/connector/http/auth.go:96.2,99.12 4 1
github.com/rkshvish/vortaraos/internal/connector/http/auth.go:109.35,109.53 1 0
github.com/rkshvish/vortaraos/internal/connector/http/auth.go:112.55,115.2 2 1
github.com/rkshvish/vortaraos/internal/connector/http/auth.go:131.49,131.87 1 0
github.com/rkshvish/vortaraos/internal/connector/http/auth.go:134.69,136.16 2 10
github.com/rkshvish/vortaraos/internal/connector/http/auth.go:136.16,138.3 1 1
github.com/rkshvish/vortaraos/internal/connector/http/auth.go:139.2,140.12 2 9
github.com/rkshvish/vortaraos/internal/connector/http/auth.go:143.81,145.69 2 10
github.com/rkshvish/vortaraos/internal/connector/http/auth.go:145.69,149.3 3 5
github.com/rkshvish/vortaraos/internal/connector/http/auth.go:150.2,156.23 6 5
github.com/rkshvish/vortaraos/internal/connector/http/auth.go:156.23,158.3 1 0
github.com/rkshvish/vortaraos/internal/connector/http/auth.go:160.2,161.16 2 5
github.com/rkshvish/vortaraos/internal/connector/http/auth.go:161.16,163.3 1 0
github.com/rkshvish/vortaraos/internal/connector/http/auth.go:164.2,167.19 3 5
github.com/rkshvish/vortaraos/internal/connector/http/auth.go:167.19,169.3 1 0
github.com/rkshvish/vortaraos/internal/connector/http/auth.go:171.2,172.16 2 5
github.com/rkshvish/vortaraos/internal/connector/http/auth.go:172.16,174.3 1 0
github.com/rkshvish/vortaraos/internal/connector/http/auth.go:175.2,177.53 2 5
github.com/rkshvish/vortaraos/internal/connector/http/auth.go:177.53,179.3 1 1
github.com/rkshvish/vortaraos/internal/connector/http/auth.go:181.2,185.68 2 4
github.com/rkshvish/vortaraos/internal/connector/http/auth.go:185.68,187.3 1 0
github.com/rkshvish/vortaraos/internal/connector/http/auth.go:188.2,188.50 1 4
github.com/rkshvish/vortaraos/internal/connector/http/auth.go:188.50,190.3 1 0
github.com/rkshvish/vortaraos/internal/connector/http/auth.go:192.2,197.33 6 4
github.com/rkshvish/vortaraos/internal/connector/http/circuitbreaker.go:36.73,37.24 1 8
github.com/rkshvish/vortaraos/internal/connector/http/circuitbreaker.go:37.24,39.3 1 1
github.com/rkshvish/vortaraos/internal/connector/http/circuitbreaker.go:40.2,41.19 2 7
github.com/rkshvish/vortaraos/internal/connector/http/circuitbreaker.go:41.19,43.3 1 0
github.com/rkshvish/vortaraos/internal/connector/http/circuitbreaker.go:44.2,48.3 1 7
github.com/rkshvish/vortaraos/internal/connector/http/circuitbreaker.go:52.41,53.15 1 30
github.com/rkshvish/vortaraos/internal/connector/http/circuitbreaker.go:53.15,55.3 1 0
github.com/rkshvish/vortaraos/internal/connector/http/circuitbreaker.go:57.2,60.18 3 30
github.com/rkshvish/vortaraos/internal/connector/http/circuitbreaker.go:61.19,62.13 1 23
github.com/rkshvish/vortaraos/internal/connector/http/circuitbreaker.go:63.17,64.44 1 6
github.com/rkshvish/vortaraos/internal/connector/http/circuitbreaker.go:64.44,66.4 1 3
github.com/rkshvish/vortaraos/internal/connector/http/circuitbreaker.go:67.3,69.14 3 3
github.com/rkshvish/vortaraos/internal/connector/http/circuitbreaker.go:70.21,71.26 1 4
github.com/rkshvish/vortaraos/internal/connector/http/circuitbreaker.go:71.26,73.4 1 1
github.com/rkshvish/vortaraos/internal/connector/http/circuitbreaker.go:74.3,74.33 1 3
github.com/rkshvish/vortaraos/internal/connector/http/circuitbreaker.go:74.33,76.4 1 0
github.com/rkshvish/vortaraos/internal/connector/http/circuitbreaker.go:77.3,78.13 2 3
github.com/rkshvish/vortaraos/internal/connector/http/circuitbreaker.go:79.10,80.13 1 0
github.com/rkshvish/vortaraos/internal/connector/http/circuitbreaker.go:85.43,86.15 1 12
github.com/rkshvish/vortaraos/internal/connector/http/circuitbreaker.go:86.15,88.3 1 0
github.com/rkshvish/vortaraos/internal/connector/http/circuitbreaker.go:90.2,93.31 3 12
github.com/rkshvish/vortaraos/internal/connector/http/circuitbreaker.go:93.31,99.3 5 1
github.com/rkshvish/vortaraos/internal/connector/http/circuitbreaker.go:100.2,100.17 1 11
github.com/rkshvish/vortaraos/internal/connector/http/circuitbreaker.go:104.43,105.15 1 28
github.com/rkshvish/vortaraos/internal/connector/http/circuitbreaker.go:105.15,107.3 1 0
github.com/rkshvish/vortaraos/internal/connector/http/circuitbreaker.go:109.2,112.18 3 28
github.com/rkshvish/vortaraos/internal/connector/http/circuitbreaker.go:113.21,117.23 4 1
github.com/rkshvish/vortaraos/internal/connector/http/circuitbreaker.go:118.19,120.34 2 27
github.com/rkshvish/vortaraos/internal/connector/http/circuitbreaker.go:120.34,123.4 2 5
github.com/rkshvish/vortaraos/internal/connector/http/circuitbreaker.go:124.17,125.27 1 0
github.com/rkshvish/vortaraos/internal/connector/http/circuitbreaker.go:130.42,131.15 1 3
github.com/rkshvish/vortaraos/internal/connector/http/circuitbreaker.go:131.15,133.3 1 0
github.com/rkshvish/vortaraos/internal/connector/http/circuitbreaker.go:135.2,138.18 3 3
github.com/rkshvish/vortaraos/internal/connector/http/circuitbreaker.go:139.17,140.16 1 1
github.com/rkshvish/vortaraos/internal/connector/http/circuitbreaker.go:141.21,142.21 1 1
github.com/rkshvish/vortaraos/internal/connector/http/circuitbreaker.go:143.10,144.18 1 1
github.com/rkshvish/vortaraos/internal/connector/http/circuitbreaker.go:148.45,149.25 1 2
github.com/rkshvish/vortaraos/internal/connector/http/circuitbreaker.go:149.25,152.3 2 2
github.com/rkshvish/vortaraos/internal/connector/http/ratelimit.go:32.71,33.22 1 8
github.com/rkshvish/vortaraos/internal/connector/http/ratelimit.go:33.22,35.3 1 0
github.com/rkshvish/vortaraos/internal/connector/http/ratelimit.go:36.2,36.62 1 8
github.com/rkshvish/vortaraos/internal/connector/http/ratelimit.go:36.62,38.3 1 2
github.com/rkshvish/vortaraos/internal/connector/http/ratelimit.go:40.2,41.16 2 6
github.com/rkshvish/vortaraos/internal/connector/http/ratelimit.go:41.16,43.3 1 1
github.com/rkshvish/vortaraos/internal/connector/http/ratelimit.go:45.2,46.19 2 5
github.com/rkshvish/vortaraos/internal/connector/http/ratelimit.go:46.19,48.3 1 0
github.com/rkshvish/vortaraos/internal/connector/http/ratelimit.go:50.2,54.36 2 5
github.com/rkshvish/vortaraos/internal/connector/http/ratelimit.go:54.36,56.3 1 24
github.com/rkshvish/vortaraos/internal/connector/http/ratelimit.go:57.2,60.16 3 5
github.com/rkshvish/vortaraos/internal/connector/http/ratelimit.go:63.32,64.6 1 5
github.com/rkshvish/vortaraos/internal/connector/http/ratelimit.go:64.6,65.10 1 6
github.com/rkshvish/vortaraos/internal/connector/http/ratelimit.go:66.21,67.11 1 1
github.com/rkshvish/vortaraos/internal/connector/http/ratelimit.go:68.32,68.32 0 1
github.com/rkshvish/vortaraos/internal/connector/http/ratelimit.go:69.12,69.12 0 0
github.com/rkshvish/vortaraos/internal/connector/http/ratelimit.go:71.19,72.10 1 5
github.com/rkshvish/vortaraos/internal/connector/http/ratelimit.go:78.55,79.14 1 21
github.com/rkshvish/vortaraos/internal/connector/http/ratelimit.go:79.14,81.3 1 0
github.com/rkshvish/vortaraos/internal/connector/http/ratelimit.go:82.2,82.9 1 21
github.com/rkshvish/vortaraos/internal/connector/http/ratelimit.go:83.18,84.13 1 19
github.com/rkshvish/vortaraos/internal/connector/http/ratelimit.go:85.20,86.19 1 2
github.com/rkshvish/vortaraos/internal/connector/http/ratelimit.go:91.30,92.14 1 6
github.com/rkshvish/vortaraos/internal/connector/http/ratelimit.go:92.14,94.3 1 0
github.com/rkshvish/vortaraos/internal/connector/http/ratelimit.go:95.2,95.19 1 6
github.com/rkshvish/vortaraos/internal/connector/http/ratelimit.go:95.19,97.22 2 5
github.com/rkshvish/vortaraos/internal/connector/http/ratelimit.go:97.22,99.4 1 5
github.com/rkshvish/vortaraos/internal/connector/http/retry.go:17.108,20.37 3 7
github.com/rkshvish/vortaraos/internal/connector/http/retry.go:20.37,22.3 1 19
github.com/rkshvish/vortaraos/internal/connector/http/retry.go:23.2,24.34 2 7
github.com/rkshvish/vortaraos/internal/connector/http/retry.go:24.34,26.3 1 31
github.com/rkshvish/vortaraos/internal/connector/http/retry.go:28.2,29.54 2 7
github.com/rkshvish/vortaraos/internal/connector/http/retry.go:29.54,33.79 3 14
github.com/rkshvish/vortaraos/internal/connector/http/retry.go:33.79,35.4 1 4
github.com/rkshvish/vortaraos/internal/connector/http/retry.go:36.3,36.37 1 10
github.com/rkshvish/vortaraos/internal/connector/http/retry.go:36.37,38.4 1 0
github.com/rkshvish/vortaraos/internal/connector/http/retry.go:39.3,39.33 1 10
github.com/rkshvish/vortaraos/internal/connector/http/retry.go:39.33,41.4 1 1
github.com/rkshvish/vortaraos/internal/connector/http/retry.go:42.3,42.32 1 9
github.com/rkshvish/vortaraos/internal/connector/http/retry.go:42.32,44.4 1 1
github.com/rkshvish/vortaraos/internal/connector/http/retry.go:45.3,45.50 1 8
github.com/rkshvish/vortaraos/internal/connector/http/retry.go:45.50,47.32 2 8
github.com/rkshvish/vortaraos/internal/connector/http/retry.go:47.32,49.5 1 0
github.com/rkshvish/vortaraos/internal/connector/http/retry.go:50.4,51.11 2 8
github.com/rkshvish/vortaraos/internal/connector/http/retry.go:52.22,54.21 2 1
github.com/rkshvish/vortaraos/internal/connector/http/retry.go:55.19,55.19 0 7
github.com/rkshvish/vortaraos/internal/connector/http/retry.go:60.2,60.67 1 0
github.com/rkshvish/vortaraos/internal/connector/http/retry.go:63.68,64.23 1 7
github.com/rkshvish/vortaraos/internal/connector/http/retry.go:64.23,66.3 1 1
github.com/rkshvish/vortaraos/internal/connector/http/retry.go:67.2,67.24 1 7
github.com/rkshvish/vortaraos/internal/connector/http/retry.go:67.24,69.3 1 1
github.com/rkshvish/vortaraos/internal/connector/http/retry.go:70.2,70.29 1 7
github.com/rkshvish/vortaraos/internal/connector/http/retry.go:70.29,72.3 1 3
github.com/rkshvish/vortaraos/internal/connector/http/retry.go:73.2,73.26 1 7
github.com/rkshvish/vortaraos/internal/connector/http/retry.go:73.26,75.3 1 6
github.com/rkshvish/vortaraos/internal/connector/http/retry.go:76.2,76.12 1 7
github.com/rkshvish/vortaraos/internal/router/router.go:23.57,25.26 2 6
github.com/rkshvish/vortaraos/internal/router/router.go:25.26,27.19 2 7
github.com/rkshvish/vortaraos/internal/router/router.go:27.19,28.12 1 2
github.com/rkshvish/vortaraos/internal/router/router.go:30.3,31.17 2 5
github.com/rkshvish/vortaraos/internal/router/router.go:31.17,33.4 1 1
github.com/rkshvish/vortaraos/internal/router/router.go:34.3,34.29 1 4
github.com/rkshvish/vortaraos/internal/router/router.go:36.2,36.37 1 5
github.com/rkshvish/vortaraos/internal/router/router.go:40.43,41.36 1 6
github.com/rkshvish/vortaraos/internal/router/router.go:41.36,43.3 1 1
github.com/rkshvish/vortaraos/internal/router/router.go:44.2,45.33 2 5
github.com/rkshvish/vortaraos/internal/router/router.go:45.33,46.74 1 9
github.com/rkshvish/vortaraos/internal/router/router.go:46.74,48.4 1 6
github.com/rkshvish/vortaraos/internal/router/router.go:50.2,50.12 1 5
github.com/rkshvish/vortaraos/internal/state/memory.go:31.13,32.70 1 1
github.com/rkshvish/vortaraos/internal/state/memory.go:32.70,34.3 1 0
github.com/rkshvish/vortaraos/internal/state/memory.go:40.36,48.2 1 7
github.com/rkshvish/vortaraos/internal/state/memory.go:50.51,52.2 1 17
github.com/rkshvish/vortaraos/internal/state/memory.go:54.62,56.2 1 5
github.com/rkshvish/vortaraos/internal/state/memory.go:58.62,60.2 1 130
github.com/rkshvish/vortaraos/internal/state/memory.go:63.83,67.2 3 0
github.com/rkshvish/vortaraos/internal/state/memory.go:70.84,73.32 3 0
github.com/rkshvish/vortaraos/internal/state/memory.go:73.32,75.3 1 0
github.com/rkshvish/vortaraos/internal/state/memory.go:76.2,77.12 2 0
github.com/rkshvish/vortaraos/internal/state/memory.go:81.80,85.64 3 4
github.com/rkshvish/vortaraos/internal/state/memory.go:85.64,87.3 1 3
github.com/rkshvish/vortaraos/internal/state/memory.go:88.2,88.25 1 1
github.com/rkshvish/vortaraos/internal/state/memory.go:92.81,98.2 4 13
github.com/rkshvish/vortaraos/internal/state/memory.go:101.87,105.72 3 3
github.com/rkshvish/vortaraos/internal/state/memory.go:105.72,107.3 1 2
github.com/rkshvish/vortaraos/internal/state/memory.go:108.2,108.16 1 1
github.com/rkshvish/vortaraos/internal/state/memory.go:112.92,118.2 4 2
github.com/rkshvish/vortaraos/internal/state/memory.go:121.70,135.2 6 2
github.com/rkshvish/vortaraos/internal/state/memory.go:138.68,143.9 4 1
github.com/rkshvish/vortaraos/internal/state/memory.go:143.9,145.3 1 0
github.com/rkshvish/vortaraos/internal/state/memory.go:147.2,155.12 9 1
github.com/rkshvish/vortaraos/internal/state/memory.go:159.67,161.16 2 2
github.com/rkshvish/vortaraos/internal/state/memory.go:161.16,163.3 1 0
github.com/rkshvish/vortaraos/internal/state/memory.go:164.2,164.23 1 2
github.com/rkshvish/vortaraos/internal/state/memory.go:164.23,166.3 1 1
github.com/rkshvish/vortaraos/internal/state/memory.go:167.2,167.24 1 1
github.com/rkshvish/vortaraos/internal/state/memory.go:171.83,172.16 1 2
github.com/rkshvish/vortaraos/internal/state/memory.go:172.16,174.3 1 0
github.com/rkshvish/vortaraos/internal/state/memory.go:176.2,180.29 4 2
github.com/rkshvish/vortaraos/internal/state/memory.go:180.29,181.31 1 2
github.com/rkshvish/vortaraos/internal/state/memory.go:181.31,183.4 1 2
github.com/rkshvish/vortaraos/internal/state/memory.go:186.2,186.39 1 2
github.com/rkshvish/vortaraos/internal/state/memory.go:186.39,187.49 1 1
github.com/rkshvish/vortaraos/internal/state/memory.go:187.49,189.4 1 0
github.com/rkshvish/vortaraos/internal/state/memory.go:190.3,190.52 1 1
github.com/rkshvish/vortaraos/internal/state/memory.go:192.2,192.23 1 2
github.com/rkshvish/vortaraos/internal/state/memory.go:192.23,194.3 1 1
github.com/rkshvish/vortaraos/internal/state/memory.go:195.2,195.18 1 2
github.com/rkshvish/vortaraos/internal/state/memory.go:199.86,202.33 3 2
github.com/rkshvish/vortaraos/internal/state/memory.go:202.33,205.3 2 0
github.com/rkshvish/vortaraos/internal/state/memory.go:206.2,211.31 4 2
github.com/rkshvish/vortaraos/internal/state/memory.go:215.80,218.15 3 2
github.com/rkshvish/vortaraos/internal/state/memory.go:218.15,222.3 3 0
github.com/rkshvish/vortaraos/internal/state/memory.go:223.2,229.12 5 2
github.com/rkshvish/vortaraos/internal/state/memory.go:233.74,235.2 1 0
github.com/rkshvish/vortaraos/internal/state/memory.go:238.61,241.27 3 0
github.com/rkshvish/vortaraos/internal/state/memory.go:241.27,243.3 1 0
github.com/rkshvish/vortaraos/internal/state/memory.go:244.2,245.12 2 0
github.com/rkshvish/vortaraos/internal/state/memory.go:249.62,256.23 6 0
github.com/rkshvish/vortaraos/internal/state/memory.go:256.23,258.3 1 0
github.com/rkshvish/vortaraos/internal/state/memory.go:260.2,262.27 3 0
github.com/rkshvish/vortaraos/internal/state/memory.go:262.27,264.3 1 0
github.com/rkshvish/vortaraos/internal/state/memory.go:265.2,265.12 1 0
github.com/rkshvish/vortaraos/internal/state/memory.go:269.45,275.2 5 0
github.com/rkshvish/vortaraos/internal/state/memory.go:278.37,280.2 1 1
github.com/rkshvish/vortaraos/internal/state/postgres.go:36.13,37.72 1 1
github.com/rkshvish/vortaraos/internal/state/postgres.go:37.72,39.3 1 0
github.com/rkshvish/vortaraos/internal/state/postgres.go:45.67,47.15 2 0
github.com/rkshvish/vortaraos/internal/state/postgres.go:47.15,49.3 1 0
github.com/rkshvish/vortaraos/internal/state/postgres.go:50.2,51.18 2 0
github.com/rkshvish/vortaraos/internal/state/postgres.go:51.18,53.3 1 0
github.com/rkshvish/vortaraos/internal/state/postgres.go:54.2,54.38 1 0
github.com/rkshvish/vortaraos/internal/state/postgres.go:54.38,56.3 1 0
github.com/rkshvish/vortaraos/internal/state/postgres.go:58.2,59.16 2 0
github.com/rkshvish/vortaraos/internal/state/postgres.go:59.16,61.3 1 0
github.com/rkshvish/vortaraos/internal/state/postgres.go:62.2,66.44 5 0
github.com/rkshvish/vortaraos/internal/state/postgres.go:66.44,69.3 2 0
github.com/rkshvish/vortaraos/internal/state/postgres.go:71.2,72.44 2 0
github.com/rkshvish/vortaraos/internal/state/postgres.go:72.44,75.3 2 0
github.com/rkshvish/vortaraos/internal/state/postgres.go:76.2,76.15 1 0
github.com/rkshvish/vortaraos/internal/state/postgres.go:79.51,81.2 1 0
github.com/rkshvish/vortaraos/internal/state/postgres.go:83.65,128.29 2 0
github.com/rkshvish/vortaraos/internal/state/postgres.go:128.29,129.56 1 0
github.com/rkshvish/vortaraos/internal/state/postgres.go:129.56,131.4 1 0
github.com/rkshvish/vortaraos/internal/state/postgres.go:133.2,133.12 1 0
github.com/rkshvish/vortaraos/internal/state/postgres.go:137.82,143.35 3 0
github.com/rkshvish/vortaraos/internal/state/postgres.go:143.35,145.3 1 0
github.com/rkshvish/vortaraos/internal/state/postgres.go:146.2,146.16 1 0
github.com/rkshvish/vortaraos/internal/state/postgres.go:146.16,148.3 1 0
github.com/rkshvish/vortaraos/internal/state/postgres.go:149.2,149.22 1 0
github.com/rkshvish/vortaraos/internal/state/postgres.go:153.83,161.2 2 0
github.com/rkshvish/vortaraos/internal/state/postgres.go:164.85,170.35 3 0
github.com/rkshvish/vortaraos/internal/state/postgres.go:170.35,172.3 1 0
github.com/rkshvish/vortaraos/internal/state/postgres.go:173.2,173.16 1 0
github.com/rkshvish/vortaraos/internal/state/postgres.go:177.86,185.2 2 0
github.com/rkshvish/vortaraos/internal/state/postgres.go:188.89,194.35 3 0
github.com/rkshvish/vortaraos/internal/state/postgres.go:194.35,196.3 1 0
github.com/rkshvish/vortaraos/internal/state/postgres.go:197.2,197.16 1 0
github.com/rkshvish/vortaraos/internal/state/postgres.go:197.16,199.3 1 0
github.com/rkshvish/vortaraos/internal/state/postgres.go:200.2,200.20 1 0
github.com/rkshvish/vortaraos/internal/state/postgres.go:204.94,212.2 2 0
github.com/rkshvish/vortaraos/internal/state/postgres.go:215.72,223.2 3 0
github.com/rkshvish/vortaraos/internal/state/postgres.go:226.70,236.2 2 0
github.com/rkshvish/vortaraos/internal/state/postgres.go:239.69,241.16 2 0
github.com/rkshvish/vortaraos/internal/state/postgres.go:241.16,243.3 1 0
github.com/rkshvish/vortaraos/internal/state/postgres.go:244.2,244.20 1 0
github.com/rkshvish/vortaraos/internal/state/postgres.go:244.20,246.3 1 0
github.com/rkshvish/vortaraos/internal/state/postgres.go:247.2,247.21 1 0
github.com/rkshvish/vortaraos/internal/state/postgres.go:251.85,252.16 1 0
github.com/rkshvish/vortaraos/internal/state/postgres.go:252.16,254.3 1 0
github.com/rkshvish/vortaraos/internal/state/postgres.go:255.2,261.16 2 0
github.com/rkshvish/vortaraos/internal/state/postgres.go:261.16,263.3 1 0
github.com/rkshvish/vortaraos/internal/state/postgres.go:264.2,267.18 3 0
github.com/rkshvish/vortaraos/internal/state/postgres.go:267.18,270.102 2 0
github.com/rkshvish/vortaraos/internal/state/postgres.go:270.102,272.4 1 0
github.com/rkshvish/vortaraos/internal/state/postgres.go:273.3,274.31 2 0
github.com/rkshvish/vortaraos/internal/state/postgres.go:274.31,276.4 1 0
github.com/rkshvish/vortaraos/internal/state/postgres.go:276.9,278.4 1 0
github.com/rkshvish/vortaraos/internal/state/postgres.go:279.3,279.25 1 0
github.com/rkshvish/vortaraos/internal/state/postgres.go:281.2,281.25 1 0
github.com/rkshvish/vortaraos/internal/state/postgres.go:285.88,287.15 2 0
github.com/rkshvish/vortaraos/internal/state/postgres.go:287.15,288.78 1 0
github.com/rkshvish/vortaraos/internal/state/postgres.go:288.78,291.4 2 0
github.com/rkshvish/vortaraos/internal/state/postgres.go:293.2,300.35 4 0
github.com/rkshvish/vortaraos/internal/state/postgres.go:300.35,302.3 1 0
github.com/rkshvish/vortaraos/internal/state/postgres.go:303.2,303.24 1 0
github.com/rkshvish/vortaraos/internal/state/postgres.go:307.82,309.15 2 0
github.com/rkshvish/vortaraos/internal/state/postgres.go:309.15,315.25 2 0
github.com/rkshvish/vortaraos/internal/state/postgres.go:315.25,317.4 1 0
github.com/rkshvish/vortaraos/internal/state/postgres.go:318.3,320.13 3 0
github.com/rkshvish/vortaraos/internal/state/postgres.go:322.2,329.12 3 0
github.com/rkshvish/vortaraos/internal/state/postgres.go:333.76,338.16 2 0
github.com/rkshvish/vortaraos/internal/state/postgres.go:338.16,340.3 1 0
github.com/rkshvish/vortaraos/internal/state/postgres.go:341.2,342.15 2 0
github.com/rkshvish/vortaraos/internal/state/postgres.go:346.63,353.2 6 0
github.com/rkshvish/vortaraos/internal/state/postgres.go:357.64,365.23 7 0
github.com/rkshvish/vortaraos/internal/state/postgres.go:365.23,367.3 1 0
github.com/rkshvish/vortaraos/internal/state/postgres.go:369.2,370.16 2 0
github.com/rkshvish/vortaraos/internal/state/postgres.go:370.16,372.3 1 0
github.com/rkshvish/vortaraos/internal/state/postgres.go:373.2,377.55 4 0
github.com/rkshvish/vortaraos/internal/state/postgres.go:377.55,379.25 2 0
github.com/rkshvish/vortaraos/internal/state/postgres.go:379.25,381.4 1 0
github.com/rkshvish/vortaraos/internal/state/postgres.go:382.3,386.27 5 0
github.com/rkshvish/vortaraos/internal/state/postgres.go:386.27,387.13 1 0
github.com/rkshvish/vortaraos/internal/state/postgres.go:387.13,389.5 1 0
github.com/rkshvish/vortaraos/internal/state/postgres.go:390.4,392.64 3 0
github.com/rkshvish/vortaraos/internal/state/postgres.go:394.3,395.70 2 0
github.com/rkshvish/vortaraos/internal/state/postgres.go:395.70,397.4 1 0
github.com/rkshvish/vortaraos/internal/state/postgres.go:399.2,399.20 1 0
github.com/rkshvish/vortaraos/internal/state/postgres.go:403.47,410.2 6 0
github.com/rkshvish/vortaraos/internal/state/postgres.go:413.39,414.17 1 0
github.com/rkshvish/vortaraos/internal/state/postgres.go:414.17,418.3 3 0
github.com/rkshvish/vortaraos/internal/state/postgres.go:419.2,419.12 1 0
github.com/rkshvish/vortaraos/internal/state/registry.go:24.48,25.19 1 16
github.com/rkshvish/vortaraos/internal/state/registry.go:25.19,26.42 1 0
github.com/rkshvish/vortaraos/internal/state/registry.go:28.2,28.20 1 16
github.com/rkshvish/vortaraos/internal/state/registry.go:28.20,29.40 1 0
github.com/rkshvish/vortaraos/internal/state/registry.go:32.2,34.45 3 16
github.com/rkshvish/vortaraos/internal/state/registry.go:34.45,35.69 1 1
github.com/rkshvish/vortaraos/internal/state/registry.go:37.2,37.30 1 15
github.com/rkshvish/vortaraos/internal/state/registry.go:42.56,44.19 2 5
github.com/rkshvish/vortaraos/internal/state/registry.go:44.19,46.3 1 1
github.com/rkshvish/vortaraos/internal/state/registry.go:48.2,51.9 4 5
github.com/rkshvish/vortaraos/internal/state/registry.go:51.9,54.3 2 1
github.com/rkshvish/vortaraos/internal/state/registry.go:55.2,55.21 1 4
github.com/rkshvish/vortaraos/internal/state/registry.go:59.22,62.30 3 2
github.com/rkshvish/vortaraos/internal/state/registry.go:62.30,64.3 1 4
github.com/rkshvish/vortaraos/internal/state/registry.go:65.2,67.14 3 2
github.com/rkshvish/vortaraos/internal/state/registry.go:70.29,74.2 3 14
github.com/rkshvish/vortaraos/internal/state/sqlite.go:20.13,21.70 1 1
github.com/rkshvish/vortaraos/internal/state/sqlite.go:21.70,23.3 1 0
github.com/rkshvish/vortaraos/internal/state/sqlite.go:102.56,103.16 1 13
github.com/rkshvish/vortaraos/internal/state/sqlite.go:103.16,105.3 1 0
github.com/rkshvish/vortaraos/internal/state/sqlite.go:107.2,107.27 1 13
github.com/rkshvish/vortaraos/internal/state/sqlite.go:107.27,109.17 2 0
github.com/rkshvish/vortaraos/internal/state/sqlite.go:109.17,111.4 1 0
github.com/rkshvish/vortaraos/internal/state/sqlite.go:112.3,112.13 1 0
github.com/rkshvish/vortaraos/internal/state/sqlite.go:114.2,114.54 1 13
github.com/rkshvish/vortaraos/internal/state/sqlite.go:114.54,116.3 1 0
github.com/rkshvish/vortaraos/internal/state/sqlite.go:118.2,120.16 3 13
github.com/rkshvish/vortaraos/internal/state/sqlite.go:120.16,122.3 1 0
github.com/rkshvish/vortaraos/internal/state/sqlite.go:124.2,125.37 2 13
github.com/rkshvish/vortaraos/internal/state/sqlite.go:125.37,128.3 2 0
github.com/rkshvish/vortaraos/internal/state/sqlite.go:130.2,130.19 1 13
github.com/rkshvish/vortaraos/internal/state/sqlite.go:133.34,134.29 1 13
github.com/rkshvish/vortaraos/internal/state/sqlite.go:134.29,136.3 1 0
github.com/rkshvish/vortaraos/internal/state/sqlite.go:137.2,137.48 1 13
github.com/rkshvish/vortaraos/internal/state/sqlite.go:137.48,139.3 1 0
github.com/rkshvish/vortaraos/internal/state/sqlite.go:140.2,140.12 1 13
github.com/rkshvish/vortaraos/internal/state/sqlite.go:143.36,145.33 2 13
github.com/rkshvish/vortaraos/internal/state/sqlite.go:145.33,146.46 1 52
github.com/rkshvish/vortaraos/internal/state/sqlite.go:146.46,148.4 1 0
github.com/rkshvish/vortaraos/internal/state/sqlite.go:151.2,159.29 2 13
github.com/rkshvish/vortaraos/internal/state/sqlite.go:159.29,160.44 1 65
github.com/rkshvish/vortaraos/internal/state/sqlite.go:160.44,162.4 1 0
github.com/rkshvish/vortaraos/internal/state/sqlite.go:165.2,165.12 1 13
github.com/rkshvish/vortaraos/internal/state/sqlite.go:169.37,171.2 1 13
github.com/rkshvish/vortaraos/internal/state/sqlite.go:174.80,177.38 3 5
github.com/rkshvish/vortaraos/internal/state/sqlite.go:177.38,178.36 1 1
github.com/rkshvish/vortaraos/internal/state/sqlite.go:178.36,180.4 1 1
github.com/rkshvish/vortaraos/internal/state/sqlite.go:181.3,181.26 1 0
github.com/rkshvish/vortaraos/internal/state/sqlite.go:183.2,183.16 1 4
github.com/rkshvish/vortaraos/internal/state/sqlite.go:187.81,190.2 2 14
github.com/rkshvish/vortaraos/internal/state/sqlite.go:193.83,196.38 3 0
github.com/rkshvish/vortaraos/internal/state/sqlite.go:196.38,197.36 1 0
github.com/rkshvish/vortaraos/internal/state/sqlite.go:197.36,199.4 1 0
github.com/rkshvish/vortaraos/internal/state/sqlite.go:200.3,200.16 1 0
github.com/rkshvish/vortaraos/internal/state/sqlite.go:202.2,202.16 1 0
github.com/rkshvish/vortaraos/internal/state/sqlite.go:206.84,209.2 2 0
github.com/rkshvish/vortaraos/internal/state/sqlite.go:212.87,215.42 3 3
github.com/rkshvish/vortaraos/internal/state/sqlite.go:215.42,216.36 1 1
github.com/rkshvish/vortaraos/internal/state/sqlite.go:216.36,218.4 1 1
github.com/rkshvish/vortaraos/internal/state/sqlite.go:219.3,219.17 1 0
github.com/rkshvish/vortaraos/internal/state/sqlite.go:221.2,221.20 1 2
github.com/rkshvish/vortaraos/internal/state/sqlite.go:225.92,228.2 2 2
github.com/rkshvish/vortaraos/internal/state/sqlite.go:231.70,233.16 2 2
github.com/rkshvish/vortaraos/internal/state/sqlite.go:233.16,235.3 1 0
github.com/rkshvish/vortaraos/internal/state/sqlite.go:236.2,236.27 1 2
github.com/rkshvish/vortaraos/internal/state/sqlite.go:240.68,253.2 2 1
github.com/rkshvish/vortaraos/internal/state/sqlite.go:256.67,258.16 2 2
github.com/rkshvish/vortaraos/internal/state/sqlite.go:258.16,260.3 1 0
github.com/rkshvish/vortaraos/internal/state/sqlite.go:261.2,261.23 1 2
github.com/rkshvish/vortaraos/internal/state/sqlite.go:261.23,263.3 1 1
github.com/rkshvish/vortaraos/internal/state/sqlite.go:264.2,264.24 1 1
github.com/rkshvish/vortaraos/internal/state/sqlite.go:268.83,269.16 1 2
github.com/rkshvish/vortaraos/internal/state/sqlite.go:269.16,271.3 1 0
github.com/rkshvish/vortaraos/internal/state/sqlite.go:273.2,279.16 2 2
github.com/rkshvish/vortaraos/internal/state/sqlite.go:279.16,281.3 1 0
github.com/rkshvish/vortaraos/internal/state/sqlite.go:282.2,285.18 3 2
github.com/rkshvish/vortaraos/internal/state/sqlite.go:285.18,287.17 2 1
github.com/rkshvish/vortaraos/internal/state/sqlite.go:287.17,289.4 1 0
github.com/rkshvish/vortaraos/internal/state/sqlite.go:290.3,290.27 1 1
github.com/rkshvish/vortaraos/internal/state/sqlite.go:292.2,292.35 1 2
github.com/rkshvish/vortaraos/internal/state/sqlite.go:292.35,294.3 1 0
github.com/rkshvish/vortaraos/internal/state/sqlite.go:295.2,295.18 1 2
github.com/rkshvish/vortaraos/internal/state/sqlite.go:299.86,301.15 2 9
github.com/rkshvish/vortaraos/internal/state/sqlite.go:301.15,302.78 1 4
github.com/rkshvish/vortaraos/internal/state/sqlite.go:302.78,305.4 2 2
github.com/rkshvish/vortaraos/internal/state/sqlite.go:307.2,311.41 4 7
github.com/rkshvish/vortaraos/internal/state/sqlite.go:311.41,313.3 1 0
github.com/rkshvish/vortaraos/internal/state/sqlite.go:314.2,314.23 1 7
github.com/rkshvish/vortaraos/internal/state/sqlite.go:318.80,320.15 2 125
github.com/rkshvish/vortaraos/internal/state/sqlite.go:320.15,326.25 2 122
github.com/rkshvish/vortaraos/internal/state/sqlite.go:326.25,328.4 1 0
github.com/rkshvish/vortaraos/internal/state/sqlite.go:329.3,331.13 3 122
github.com/rkshvish/vortaraos/internal/state/sqlite.go:333.2,336.12 3 3
github.com/rkshvish/vortaraos/internal/state/sqlite.go:340.61,347.2 6 6
github.com/rkshvish/vortaraos/internal/state/sqlite.go:350.62,358.23 7 3
github.com/rkshvish/vortaraos/internal/state/sqlite.go:358.23,360.3 1 0
github.com/rkshvish/vortaraos/internal/state/sqlite.go:362.2,363.16 2 3
github.com/rkshvish/vortaraos/internal/state/sqlite.go:363.16,365.3 1 0
github.com/rkshvish/vortaraos/internal/state/sqlite.go:366.2,369.16 3 3
github.com/rkshvish/vortaraos/internal/state/sqlite.go:369.16,371.3 1 0
github.com/rkshvish/vortaraos/internal/state/sqlite.go:372.2,375.28 3 3
github.com/rkshvish/vortaraos/internal/state/sqlite.go:375.28,376.91 1 113
github.com/rkshvish/vortaraos/internal/state/sqlite.go:376.91,378.4 1 0
github.com/rkshvish/vortaraos/internal/state/sqlite.go:380.2,380.20 1 3
github.com/rkshvish/vortaraos/internal/state/sqlite.go:384.74,391.16 2 2
github.com/rkshvish/vortaraos/internal/state/sqlite.go:391.16,393.3 1 0
github.com/rkshvish/vortaraos/internal/state/sqlite.go:394.2,395.15 2 2
github.com/rkshvish/vortaraos/internal/state/sqlite.go:399.45,406.2 6 1
github.com/rkshvish/vortaraos/internal/state/sqlite.go:410.20,427.16 5 1
github.com/rkshvish/vortaraos/internal/state/sqlite.go:427.16,429.3 1 0
github.com/rkshvish/vortaraos/internal/state/sqlite.go:430.2,430.22 1 1
github.com/rkshvish/vortaraos/internal/state/sqlite.go:430.22,432.3 1 0
github.com/rkshvish/vortaraos/internal/state/sqlite.go:433.2,433.18 1 1
github.com/rkshvish/vortaraos/internal/state/sqlite.go:433.18,435.3 1 1
github.com/rkshvish/vortaraos/internal/state/sqlite.go:436.2,436.20 1 1
github.com/rkshvish/vortaraos/internal/state/sqlite.go:436.20,438.3 1 0
github.com/rkshvish/vortaraos/internal/state/sqlite.go:439.2,439.17 1 1
github.com/rkshvish/vortaraos/internal/steps/expr.go:15.48,19.16 4 17
github.com/rkshvish/vortaraos/internal/steps/expr.go:19.16,21.3 1 2
github.com/rkshvish/vortaraos/internal/steps/expr.go:22.2,22.26 1 15
github.com/rkshvish/vortaraos/internal/steps/expr.go:22.26,24.3 1 0
github.com/rkshvish/vortaraos/internal/steps/expr.go:25.2,25.18 1 15
github.com/rkshvish/vortaraos/internal/steps/expr.go:29.48,31.2 1 0
github.com/rkshvish/vortaraos/internal/steps/expr.go:33.60,34.17 1 18
github.com/rkshvish/vortaraos/internal/steps/expr.go:34.17,36.3 1 0
github.com/rkshvish/vortaraos/internal/steps/expr.go:37.2,37.24 1 18
github.com/rkshvish/vortaraos/internal/steps/expr.go:41.60,43.2 1 0
github.com/rkshvish/vortaraos/internal/steps/expr.go:78.30,80.27 2 86
github.com/rkshvish/vortaraos/internal/steps/expr.go:80.27,82.3 1 16
github.com/rkshvish/vortaraos/internal/steps/expr.go:84.2,84.34 1 70
github.com/rkshvish/vortaraos/internal/steps/expr.go:85.11,87.42 2 2
github.com/rkshvish/vortaraos/internal/steps/expr.go:88.11,90.42 2 2
github.com/rkshvish/vortaraos/internal/steps/expr.go:91.11,93.41 2 1
github.com/rkshvish/vortaraos/internal/steps/expr.go:94.11,95.18 1 11
github.com/rkshvish/vortaraos/internal/steps/expr.go:95.18,98.4 2 11
github.com/rkshvish/vortaraos/internal/steps/expr.go:99.11,100.18 1 0
github.com/rkshvish/vortaraos/internal/steps/expr.go:100.18,103.4 2 0
github.com/rkshvish/vortaraos/internal/steps/expr.go:104.11,105.18 1 8
github.com/rkshvish/vortaraos/internal/steps/expr.go:105.18,108.4 2 0
github.com/rkshvish/vortaraos/internal/steps/expr.go:109.3,110.38 2 8
github.com/rkshvish/vortaraos/internal/steps/expr.go:111.11,112.18 1 0
github.com/rkshvish/vortaraos/internal/steps/expr.go:112.18,115.4 2 0
github.com/rkshvish/vortaraos/internal/steps/expr.go:116.3,117.38 2 0
github.com/rkshvish/vortaraos/internal/steps/expr.go:118.12,119.24 1 11
github.com/rkshvish/vortaraos/internal/steps/expr.go:122.2,122.43 1 35
github.com/rkshvish/vortaraos/internal/steps/expr.go:122.43,124.3 1 8
github.com/rkshvish/vortaraos/internal/steps/expr.go:126.2,127.17 2 27
github.com/rkshvish/vortaraos/internal/steps/expr.go:127.17,131.3 3 0
github.com/rkshvish/vortaraos/internal/steps/expr.go:132.2,132.32 1 27
github.com/rkshvish/vortaraos/internal/steps/expr.go:133.13,134.41 1 3
github.com/rkshvish/vortaraos/internal/steps/expr.go:135.12,136.40 1 2
github.com/rkshvish/vortaraos/internal/steps/expr.go:137.13,138.41 1 1
github.com/rkshvish/vortaraos/internal/steps/expr.go:139.23,140.59 1 0
github.com/rkshvish/vortaraos/internal/steps/expr.go:141.10,142.43 1 21
github.com/rkshvish/vortaraos/internal/steps/expr.go:146.29,147.68 1 86
github.com/rkshvish/vortaraos/internal/steps/expr.go:147.68,149.3 1 47
github.com/rkshvish/vortaraos/internal/steps/expr.go:152.42,154.2 1 19
github.com/rkshvish/vortaraos/internal/steps/expr.go:156.36,159.53 3 11
github.com/rkshvish/vortaraos/internal/steps/expr.go:159.53,161.3 1 51
github.com/rkshvish/vortaraos/internal/steps/expr.go:162.2,163.26 2 11
github.com/rkshvish/vortaraos/internal/steps/expr.go:163.26,165.3 1 11
github.com/rkshvish/vortaraos/internal/steps/expr.go:166.2,166.41 1 11
github.com/rkshvish/vortaraos/internal/steps/expr.go:169.36,171.95 2 8
github.com/rkshvish/vortaraos/internal/steps/expr.go:171.95,173.3 1 43
github.com/rkshvish/vortaraos/internal/steps/expr.go:174.2,174.58 1 8
github.com/rkshvish/vortaraos/internal/steps/expr.go:177.36,179.27 2 27
github.com/rkshvish/vortaraos/internal/steps/expr.go:179.27,181.76 2 176
github.com/rkshvish/vortaraos/internal/steps/expr.go:181.76,183.12 2 149
github.com/rkshvish/vortaraos/internal/steps/expr.go:185.3,185.8 1 27
github.com/rkshvish/vortaraos/internal/steps/expr.go:187.2,187.29 1 27
github.com/rkshvish/vortaraos/internal/steps/expr.go:195.25,197.2 1 86
github.com/rkshvish/vortaraos/internal/steps/expr.go:199.47,200.24 1 3
github.com/rkshvish/vortaraos/internal/steps/expr.go:200.24,202.3 1 0
github.com/rkshvish/vortaraos/internal/steps/expr.go:203.2,203.12 1 3
github.com/rkshvish/vortaraos/internal/steps/expr.go:206.42,208.16 2 18
github.com/rkshvish/vortaraos/internal/steps/expr.go:208.16,210.3 1 2
github.com/rkshvish/vortaraos/internal/steps/expr.go:211.2,211.26 1 16
github.com/rkshvish/vortaraos/internal/steps/expr.go:211.26,214.17 3 2
github.com/rkshvish/vortaraos/internal/steps/expr.go:214.17,216.4 1 0
github.com/rkshvish/vortaraos/internal/steps/expr.go:217.3,217.42 1 2
github.com/rkshvish/vortaraos/internal/steps/expr.go:219.2,219.18 1 16
github.com/rkshvish/vortaraos/internal/steps/expr.go:222.43,224.16 2 20
github.com/rkshvish/vortaraos/internal/steps/expr.go:224.16,226.3 1 2
github.com/rkshvish/vortaraos/internal/steps/expr.go:227.2,227.27 1 18
github.com/rkshvish/vortaraos/internal/steps/expr.go:227.27,230.17 3 2
github.com/rkshvish/vortaraos/internal/steps/expr.go:230.17,232.4 1 0
github.com/rkshvish/vortaraos/internal/steps/expr.go:233.3,233.43 1 2
github.com/rkshvish/vortaraos/internal/steps/expr.go:235.2,235.18 1 18
github.com/rkshvish/vortaraos/internal/steps/expr.go:238.43,239.26 1 23
github.com/rkshvish/vortaraos/internal/steps/expr.go:239.26,242.17 3 1
github.com/rkshvish/vortaraos/internal/steps/expr.go:242.17,244.4 1 0
github.com/rkshvish/vortaraos/internal/steps/expr.go:245.3,245.36 1 1
github.com/rkshvish/vortaraos/internal/steps/expr.go:247.2,247.25 1 22
github.com/rkshvish/vortaraos/internal/steps/expr.go:250.47,251.20 1 22
github.com/rkshvish/vortaraos/internal/steps/expr.go:252.17,255.17 3 1
github.com/rkshvish/vortaraos/internal/steps/expr.go:255.17,257.4 1 0
github.com/rkshvish/vortaraos/internal/steps/expr.go:258.3,258.45 1 1
github.com/rkshvish/vortaraos/internal/steps/expr.go:258.45,260.4 1 0
github.com/rkshvish/vortaraos/internal/steps/expr.go:261.3,262.20 2 1
github.com/rkshvish/vortaraos/internal/steps/expr.go:263.16,266.30 3 20
github.com/rkshvish/vortaraos/internal/steps/expr.go:266.30,268.4 1 1
github.com/rkshvish/vortaraos/internal/steps/expr.go:269.3,269.33 1 19
github.com/rkshvish/vortaraos/internal/steps/expr.go:270.10,271.59 1 1
github.com/rkshvish/vortaraos/internal/steps/expr.go:275.63,277.28 2 1
github.com/rkshvish/vortaraos/internal/steps/expr.go:277.28,279.3 1 0
github.com/rkshvish/vortaraos/internal/steps/expr.go:280.2,282.43 3 1
github.com/rkshvish/vortaraos/internal/steps/expr.go:282.43,284.3 1 0
github.com/rkshvish/vortaraos/internal/steps/expr.go:285.2,286.29 2 1
github.com/rkshvish/vortaraos/internal/steps/expr.go:286.29,288.3 1 0
github.com/rkshvish/vortaraos/internal/steps/expr.go:289.2,291.44 3 1
github.com/rkshvish/vortaraos/internal/steps/expr.go:291.44,293.3 1 0
github.com/rkshvish/vortaraos/internal/steps/expr.go:294.2,296.31 2 1
github.com/rkshvish/vortaraos/internal/steps/expr.go:297.18,298.54 1 1
github.com/rkshvish/vortaraos/internal/steps/expr.go:299.20,300.56 1 0
github.com/rkshvish/vortaraos/internal/steps/expr.go:301.10,302.54 1 0
github.com/rkshvish/vortaraos/internal/steps/expr.go:306.62,308.94 2 19
github.com/rkshvish/vortaraos/internal/steps/expr.go:308.94,310.3 1 0
github.com/rkshvish/vortaraos/internal/steps/expr.go:311.2,313.16 3 19
github.com/rkshvish/vortaraos/internal/steps/expr.go:313.16,315.3 1 1
github.com/rkshvish/vortaraos/internal/steps/expr.go:316.2,316.64 1 18
github.com/rkshvish/vortaraos/internal/steps/expr.go:319.52,320.20 1 19
github.com/rkshvish/vortaraos/internal/steps/expr.go:321.17,324.16 3 10
github.com/rkshvish/vortaraos/internal/steps/expr.go:325.17,327.17 2 8
github.com/rkshvish/vortaraos/internal/steps/expr.go:327.17,329.4 1 0
github.com/rkshvish/vortaraos/internal/steps/expr.go:330.3,331.16 2 8
github.com/rkshvish/vortaraos/internal/steps/expr.go:332.15,335.16 3 0
github.com/rkshvish/vortaraos/internal/steps/expr.go:336.10,337.70 1 1
github.com/rkshvish/vortaraos/internal/steps/expr.go:341.36,342.11 1 18
github.com/rkshvish/vortaraos/internal/steps/expr.go:343.13,344.14 1 10
github.com/rkshvish/vortaraos/internal/steps/expr.go:345.13,346.14 1 0
github.com/rkshvish/vortaraos/internal/steps/expr.go:347.13,348.13 1 8
github.com/rkshvish/vortaraos/internal/steps/expr.go:349.14,350.14 1 0
github.com/rkshvish/vortaraos/internal/steps/expr.go:351.13,352.13 1 0
github.com/rkshvish/vortaraos/internal/steps/expr.go:353.14,354.14 1 0
github.com/rkshvish/vortaraos/internal/steps/expr.go:355.10,356.12 1 0
github.com/rkshvish/vortaraos/internal/steps/expr.go:366.57,368.9 2 20
github.com/rkshvish/vortaraos/internal/steps/expr.go:368.9,370.3 1 1
github.com/rkshvish/vortaraos/internal/steps/expr.go:371.2,371.30 1 19
github.com/rkshvish/vortaraos/internal/steps/expr.go:372.14,374.10 2 11
github.com/rkshvish/vortaraos/internal/steps/expr.go:374.10,376.4 1 0
github.com/rkshvish/vortaraos/internal/steps/expr.go:377.3,377.15 1 11
github.com/rkshvish/vortaraos/internal/steps/expr.go:378.13,379.19 1 11
github.com/rkshvish/vortaraos/internal/steps/expr.go:380.13,381.19 1 0
github.com/rkshvish/vortaraos/internal/steps/expr.go:382.12,383.18 1 0
github.com/rkshvish/vortaraos/internal/steps/expr.go:384.13,385.19 1 0
github.com/rkshvish/vortaraos/internal/steps/expr.go:386.12,387.18 1 0
github.com/rkshvish/vortaraos/internal/steps/expr.go:388.13,389.19 1 0
github.com/rkshvish/vortaraos/internal/steps/expr.go:390.11,391.16 1 0
github.com/rkshvish/vortaraos/internal/steps/expr.go:393.15,395.10 2 8
github.com/rkshvish/vortaraos/internal/steps/expr.go:395.10,397.4 1 1
github.com/rkshvish/vortaraos/internal/steps/expr.go:398.3,398.15 1 7
github.com/rkshvish/vortaraos/internal/steps/expr.go:399.13,400.19 1 0
github.com/rkshvish/vortaraos/internal/steps/expr.go:401.13,402.19 1 0
github.com/rkshvish/vortaraos/internal/steps/expr.go:403.12,404.18 1 7
github.com/rkshvish/vortaraos/internal/steps/expr.go:405.13,406.19 1 0
github.com/rkshvish/vortaraos/internal/steps/expr.go:407.12,408.18 1 0
github.com/rkshvish/vortaraos/internal/steps/expr.go:409.13,410.19 1 0
github.com/rkshvish/vortaraos/internal/steps/expr.go:411.11,412.16 1 0
github.com/rkshvish/vortaraos/internal/steps/expr.go:414.12,416.10 2 0
github.com/rkshvish/vortaraos/internal/steps/expr.go:416.10,418.4 1 0
github.com/rkshvish/vortaraos/internal/steps/expr.go:419.3,419.15 1 0
github.com/rkshvish/vortaraos/internal/steps/expr.go:420.13,421.19 1 0
github.com/rkshvish/vortaraos/internal/steps/expr.go:422.13,423.19 1 0
github.com/rkshvish/vortaraos/internal/steps/expr.go:424.11,425.16 1 0
github.com/rkshvish/vortaraos/internal/steps/expr.go:427.10,428.15 1 0
github.com/rkshvish/vortaraos/internal/steps/expr.go:436.57,438.2 1 4
github.com/rkshvish/vortaraos/internal/steps/expr.go:444.56,446.2 1 3
github.com/rkshvish/vortaraos/internal/steps/expr.go:452.57,454.2 1 2
github.com/rkshvish/vortaraos/internal/steps/expr.go:461.62,463.9 2 2
github.com/rkshvish/vortaraos/internal/steps/expr.go:463.9,465.3 1 0
github.com/rkshvish/vortaraos/internal/steps/expr.go:466.2,467.9 2 2
github.com/rkshvish/vortaraos/internal/steps/expr.go:467.9,469.3 1 0
github.com/rkshvish/vortaraos/internal/steps/expr.go:470.2,470.38 1 2
github.com/rkshvish/vortaraos/internal/steps/expr.go:478.64,480.9 2 0
github.com/rkshvish/vortaraos/internal/steps/expr.go:480.9,482.3 1 0
github.com/rkshvish/vortaraos/internal/steps/expr.go:483.2,484.9 2 0
github.com/rkshvish/vortaraos/internal/steps/expr.go:484.9,486.3 1 0
github.com/rkshvish/vortaraos/internal/steps/expr.go:487.2,487.39 1 0
github.com/rkshvish/vortaraos/internal/steps/expr.go:490.47,491.23 1 8
github.com/rkshvish/vortaraos/internal/steps/expr.go:492.11,493.26 1 7
github.com/rkshvish/vortaraos/internal/steps/expr.go:494.12,495.26 1 0
github.com/rkshvish/vortaraos/internal/steps/expr.go:496.13,497.26 1 0
github.com/rkshvish/vortaraos/internal/steps/expr.go:498.13,499.26 1 0
github.com/rkshvish/vortaraos/internal/steps/expr.go:500.13,501.26 1 0
github.com/rkshvish/vortaraos/internal/steps/expr.go:502.15,503.26 1 0
github.com/rkshvish/vortaraos/internal/steps/expr.go:504.15,505.17 1 0
github.com/rkshvish/vortaraos/internal/steps/expr.go:506.12,507.26 1 0
github.com/rkshvish/vortaraos/internal/steps/expr.go:508.13,509.26 1 0
github.com/rkshvish/vortaraos/internal/steps/expr.go:510.14,511.26 1 0
github.com/rkshvish/vortaraos/internal/steps/expr.go:512.14,513.26 1 0
github.com/rkshvish/vortaraos/internal/steps/expr.go:514.14,515.26 1 0
github.com/rkshvish/vortaraos/internal/steps/expr.go:516.10,517.18 1 1
github.com/rkshvish/vortaraos/internal/steps/steps.go:21.56,24.29 2 15
github.com/rkshvish/vortaraos/internal/steps/steps.go:24.29,25.24 1 18
github.com/rkshvish/vortaraos/internal/steps/steps.go:25.24,27.18 2 7
github.com/rkshvish/vortaraos/internal/steps/steps.go:27.18,29.5 1 0
github.com/rkshvish/vortaraos/internal/steps/steps.go:30.4,30.45 1 7
github.com/rkshvish/vortaraos/internal/steps/steps.go:30.45,31.44 1 7
github.com/rkshvish/vortaraos/internal/steps/steps.go:31.44,33.6 1 11
github.com/rkshvish/vortaraos/internal/steps/steps.go:37.3,37.27 1 18
github.com/rkshvish/vortaraos/internal/steps/steps.go:37.27,39.54 2 2
github.com/rkshvish/vortaraos/internal/steps/steps.go:39.54,41.39 2 2
github.com/rkshvish/vortaraos/internal/steps/steps.go:41.39,42.36 1 3
github.com/rkshvish/vortaraos/internal/steps/steps.go:42.36,45.7 2 3
github.com/rkshvish/vortaraos/internal/steps/steps.go:47.5,47.21 1 2
github.com/rkshvish/vortaraos/internal/steps/steps.go:51.3,51.24 1 18
github.com/rkshvish/vortaraos/internal/steps/steps.go:51.24,53.54 2 5
github.com/rkshvish/vortaraos/internal/steps/steps.go:53.54,55.35 2 6
github.com/rkshvish/vortaraos/internal/steps/steps.go:55.35,57.6 1 6
github.com/rkshvish/vortaraos/internal/steps/steps.go:58.5,58.21 1 6
github.com/rkshvish/vortaraos/internal/steps/steps.go:62.3,62.25 1 18
github.com/rkshvish/vortaraos/internal/steps/steps.go:62.25,64.54 2 2
github.com/rkshvish/vortaraos/internal/steps/steps.go:64.54,66.33 2 2
github.com/rkshvish/vortaraos/internal/steps/steps.go:66.33,68.6 1 3
github.com/rkshvish/vortaraos/internal/steps/steps.go:69.5,69.21 1 2
github.com/rkshvish/vortaraos/internal/steps/steps.go:73.3,73.25 1 18
github.com/rkshvish/vortaraos/internal/steps/steps.go:73.25,75.54 2 2
github.com/rkshvish/vortaraos/internal/steps/steps.go:75.54,77.33 2 2
github.com/rkshvish/vortaraos/internal/steps/steps.go:77.33,78.38 1 3
github.com/rkshvish/vortaraos/internal/steps/steps.go:78.38,80.7 1 3
github.com/rkshvish/vortaraos/internal/steps/steps.go:82.5,82.21 1 2
github.com/rkshvish/vortaraos/internal/steps/steps.go:87.2,87.36 1 15
github.com/rkshvish/vortaraos/internal/steps/steps.go:91.54,92.14 1 20
github.com/rkshvish/vortaraos/internal/steps/steps.go:92.14,94.3 1 0
github.com/rkshvish/vortaraos/internal/steps/steps.go:95.2,95.31 1 20
github.com/rkshvish/vortaraos/internal/steps/steps.go:95.31,98.12 3 23
github.com/rkshvish/vortaraos/internal/steps/steps.go:98.12,100.4 1 5
github.com/rkshvish/vortaraos/internal/steps/steps.go:102.2,102.16 1 15
github.com/rkshvish/vortaraos/internal/steps/steps.go:106.72,110.86 2 12
github.com/rkshvish/vortaraos/internal/steps/steps.go:110.86,112.3 1 2
github.com/rkshvish/vortaraos/internal/steps/steps.go:114.2,114.21 1 12
github.com/rkshvish/vortaraos/internal/steps/steps.go:114.21,116.3 1 3
github.com/rkshvish/vortaraos/internal/steps/steps.go:118.2,118.84 1 9
github.com/rkshvish/vortaraos/internal/steps/steps.go:118.84,120.3 1 4
github.com/rkshvish/vortaraos/internal/steps/steps.go:122.2,122.36 1 5
github.com/rkshvish/vortaraos/internal/steps/steps.go:122.36,124.3 1 3
github.com/rkshvish/vortaraos/internal/steps/steps.go:126.2,126.29 1 2
github.com/rkshvish/vortaraos/internal/steps/steps.go:126.29,128.3 1 2
github.com/rkshvish/vortaraos/internal/steps/steps.go:130.2,130.13 1 0
github.com/rkshvish/vortaraos/internal/steps/steps.go:134.71,136.21 2 3
github.com/rkshvish/vortaraos/internal/steps/steps.go:136.21,138.3 1 0
github.com/rkshvish/vortaraos/internal/steps/steps.go:139.2,141.20 3 3
github.com/rkshvish/vortaraos/internal/steps/steps.go:141.20,143.3 1 0
github.com/rkshvish/vortaraos/internal/steps/steps.go:145.2,149.16 4 3
github.com/rkshvish/vortaraos/internal/steps/steps.go:149.16,151.3 1 0
github.com/rkshvish/vortaraos/internal/steps/steps.go:153.2,153.30 1 3
github.com/rkshvish/vortaraos/internal/steps/steps.go:153.30,155.3 1 2
github.com/rkshvish/vortaraos/internal/steps/steps.go:156.2,156.35 1 1
github.com/rkshvish/vortaraos/internal/steps/steps.go:159.34,161.16 2 0
github.com/rkshvish/vortaraos/internal/steps/steps.go:161.16,162.74 1 0
github.com/rkshvish/vortaraos/internal/steps/steps.go:164.2,164.15 1 0
github.com/rkshvish/vortaraos/internal/connector/source/bigquery.go:71.63,72.33 1 2
github.com/rkshvish/vortaraos/internal/connector/source/bigquery.go:72.33,74.3 1 2
github.com/rkshvish/vortaraos/internal/connector/source/bigquery.go:77.115,79.16 2 0
github.com/rkshvish/vortaraos/internal/connector/source/bigquery.go:79.16,81.3 1 0
github.com/rkshvish/vortaraos/internal/connector/source/bigquery.go:82.2,82.45 1 0
github.com/rkshvish/vortaraos/internal/connector/source/bigquery.go:85.13,86.54 1 1
github.com/rkshvish/vortaraos/internal/connector/source/bigquery.go:86.54,88.3 1 0
github.com/rkshvish/vortaraos/internal/connector/source/bigquery.go:92.70,94.27 2 2
github.com/rkshvish/vortaraos/internal/connector/source/bigquery.go:94.27,95.17 1 2
github.com/rkshvish/vortaraos/internal/connector/source/bigquery.go:95.17,97.4 1 2
github.com/rkshvish/vortaraos/internal/connector/source/bigquery.go:99.2,99.12 1 2
github.com/rkshvish/vortaraos/internal/connector/source/bigquery.go:103.86,104.71 1 2
github.com/rkshvish/vortaraos/internal/connector/source/bigquery.go:104.71,106.3 1 0
github.com/rkshvish/vortaraos/internal/connector/source/bigquery.go:107.2,108.41 2 2
github.com/rkshvish/vortaraos/internal/connector/source/bigquery.go:108.41,110.3 1 0
github.com/rkshvish/vortaraos/internal/connector/source/bigquery.go:111.2,111.19 1 2
github.com/rkshvish/vortaraos/internal/connector/source/bigquery.go:111.19,113.3 1 0
github.com/rkshvish/vortaraos/internal/connector/source/bigquery.go:115.2,118.24 4 2
github.com/rkshvish/vortaraos/internal/connector/source/bigquery.go:118.24,122.3 3 2
github.com/rkshvish/vortaraos/internal/connector/source/bigquery.go:123.2,123.19 1 2
github.com/rkshvish/vortaraos/internal/connector/source/bigquery.go:123.19,125.3 1 0
github.com/rkshvish/vortaraos/internal/connector/source/bigquery.go:127.2,127.21 1 2
github.com/rkshvish/vortaraos/internal/connector/source/bigquery.go:127.21,129.28 2 0
github.com/rkshvish/vortaraos/internal/connector/source/bigquery.go:129.28,131.4 1 0
github.com/rkshvish/vortaraos/internal/connector/source/bigquery.go:131.9,131.35 1 0
github.com/rkshvish/vortaraos/internal/connector/source/bigquery.go:131.35,133.4 1 0
github.com/rkshvish/vortaraos/internal/connector/source/bigquery.go:134.3,135.17 2 0
github.com/rkshvish/vortaraos/internal/connector/source/bigquery.go:135.17,137.4 1 0
github.com/rkshvish/vortaraos/internal/connector/source/bigquery.go:138.3,138.20 1 0
github.com/rkshvish/vortaraos/internal/connector/source/bigquery.go:141.2,146.12 6 2
github.com/rkshvish/vortaraos/internal/connector/source/bigquery.go:150.125,151.21 1 1
github.com/rkshvish/vortaraos/internal/connector/source/bigquery.go:151.21,153.3 1 0
github.com/rkshvish/vortaraos/internal/connector/source/bigquery.go:154.2,156.23 2 1
github.com/rkshvish/vortaraos/internal/connector/source/bigquery.go:156.23,158.3 1 0
github.com/rkshvish/vortaraos/internal/connector/source/bigquery.go:160.2,161.16 2 1
github.com/rkshvish/vortaraos/internal/connector/source/bigquery.go:161.16,163.3 1 0
github.com/rkshvish/vortaraos/internal/connector/source/bigquery.go:164.2,165.16 2 1
github.com/rkshvish/vortaraos/internal/connector/source/bigquery.go:165.16,167.3 1 0
github.com/rkshvish/vortaraos/internal/connector/source/bigquery.go:168.2,172.20 4 1
github.com/rkshvish/vortaraos/internal/connector/source/bigquery.go:172.20,174.3 1 1
github.com/rkshvish/vortaraos/internal/connector/source/bigquery.go:176.2,177.6 2 1
github.com/rkshvish/vortaraos/internal/connector/source/bigquery.go:177.6,178.35 1 1
github.com/rkshvish/vortaraos/internal/connector/source/bigquery.go:178.35,180.4 1 0
github.com/rkshvish/vortaraos/internal/connector/source/bigquery.go:182.3,183.17 2 1
github.com/rkshvish/vortaraos/internal/connector/source/bigquery.go:183.17,185.4 1 0
github.com/rkshvish/vortaraos/internal/connector/source/bigquery.go:187.3,188.17 2 1
github.com/rkshvish/vortaraos/internal/connector/source/bigquery.go:188.17,190.4 1 0
github.com/rkshvish/vortaraos/internal/connector/source/bigquery.go:192.3,193.17 2 1
github.com/rkshvish/vortaraos/internal/connector/source/bigquery.go:193.17,195.4 1 0
github.com/rkshvish/vortaraos/internal/connector/source/bigquery.go:196.3,196.28 1 1
github.com/rkshvish/vortaraos/internal/connector/source/bigquery.go:196.28,198.4 1 1
github.com/rkshvish/vortaraos/internal/connector/source/bigquery.go:199.3,199.22 1 0
github.com/rkshvish/vortaraos/internal/connector/source/bigquery.go:204.54,205.60 1 2
github.com/rkshvish/vortaraos/internal/connector/source/bigquery.go:205.60,207.3 1 0
github.com/rkshvish/vortaraos/internal/connector/source/bigquery.go:208.2,208.21 1 2
github.com/rkshvish/vortaraos/internal/connector/source/bigquery.go:212.40,213.21 1 0
github.com/rkshvish/vortaraos/internal/connector/source/bigquery.go:213.21,215.3 1 0
github.com/rkshvish/vortaraos/internal/connector/source/bigquery.go:216.2,216.12 1 0
github.com/rkshvish/vortaraos/internal/connector/source/bigquery.go:219.122,223.2 3 3
github.com/rkshvish/vortaraos/internal/connector/source/bigquery.go:225.100,233.16 3 1
github.com/rkshvish/vortaraos/internal/connector/source/bigquery.go:233.16,235.3 1 0
github.com/rkshvish/vortaraos/internal/connector/source/bigquery.go:237.2,238.6 2 1
github.com/rkshvish/vortaraos/internal/connector/source/bigquery.go:238.6,240.40 2 4
github.com/rkshvish/vortaraos/internal/connector/source/bigquery.go:240.40,241.37 1 1
github.com/rkshvish/vortaraos/internal/connector/source/bigquery.go:241.37,242.10 1 1
github.com/rkshvish/vortaraos/internal/connector/source/bigquery.go:244.4,244.19 1 0
github.com/rkshvish/vortaraos/internal/connector/source/bigquery.go:246.3,246.20 1 3
github.com/rkshvish/vortaraos/internal/connector/source/bigquery.go:246.20,247.12 1 0
github.com/rkshvish/vortaraos/internal/connector/source/bigquery.go:249.3,250.17 2 3
github.com/rkshvish/vortaraos/internal/connector/source/bigquery.go:250.17,251.12 1 0
github.com/rkshvish/vortaraos/internal/connector/source/bigquery.go:253.3,257.5 1 3
github.com/rkshvish/vortaraos/internal/connector/source/bigquery.go:259.2,259.23 1 1
github.com/rkshvish/vortaraos/internal/connector/source/bigquery.go:259.23,261.3 1 0
github.com/rkshvish/vortaraos/internal/connector/source/bigquery.go:262.2,262.69 1 1
github.com/rkshvish/vortaraos/internal/connector/source/bigquery.go:265.91,276.16 3 1
github.com/rkshvish/vortaraos/internal/connector/source/bigquery.go:276.16,278.3 1 0
github.com/rkshvish/vortaraos/internal/connector/source/bigquery.go:280.2,281.6 2 1
github.com/rkshvish/vortaraos/internal/connector/source/bigquery.go:281.6,283.40 2 2
github.com/rkshvish/vortaraos/internal/connector/source/bigquery.go:283.40,284.37 1 1
github.com/rkshvish/vortaraos/internal/connector/source/bigquery.go:284.37,285.10 1 1
github.com/rkshvish/vortaraos/internal/connector/source/bigquery.go:287.4,287.19 1 0
github.com/rkshvish/vortaraos/internal/connector/source/bigquery.go:289.3,289.21 1 1
github.com/rkshvish/vortaraos/internal/connector/source/bigquery.go:289.21,290.12 1 0
github.com/rkshvish/vortaraos/internal/connector/source/bigquery.go:292.3,292.65 1 1
github.com/rkshvish/vortaraos/internal/connector/source/bigquery.go:292.65,294.4 1 1
github.com/rkshvish/vortaraos/internal/connector/source/bigquery.go:296.2,296.18 1 1
github.com/rkshvish/vortaraos/internal/connector/source/bigquery.go:299.140,301.6 2 1
github.com/rkshvish/vortaraos/internal/connector/source/bigquery.go:301.6,303.40 2 2
github.com/rkshvish/vortaraos/internal/connector/source/bigquery.go:303.40,304.37 1 1
github.com/rkshvish/vortaraos/internal/connector/source/bigquery.go:304.37,306.5 1 1
github.com/rkshvish/vortaraos/internal/connector/source/bigquery.go:307.4,307.25 1 0
github.com/rkshvish/vortaraos/internal/connector/source/bigquery.go:309.3,309.21 1 1
github.com/rkshvish/vortaraos/internal/connector/source/bigquery.go:309.21,310.12 1 0
github.com/rkshvish/vortaraos/internal/connector/source/bigquery.go:313.3,314.38 2 1
github.com/rkshvish/vortaraos/internal/connector/source/bigquery.go:314.38,315.21 1 3
github.com/rkshvish/vortaraos/internal/connector/source/bigquery.go:315.21,317.5 1 3
github.com/rkshvish/vortaraos/internal/connector/source/bigquery.go:320.3,324.27 5 1
github.com/rkshvish/vortaraos/internal/connector/source/bigquery.go:324.27,326.4 1 0
github.com/rkshvish/vortaraos/internal/connector/source/bigquery.go:328.3,328.10 1 1
github.com/rkshvish/vortaraos/internal/connector/source/bigquery.go:329.17,329.17 0 1
github.com/rkshvish/vortaraos/internal/connector/source/bigquery.go:330.21,331.31 1 0
github.com/rkshvish/vortaraos/internal/connector/source/bigquery.go:333.3,333.14 1 1
github.com/rkshvish/vortaraos/internal/connector/source/bigquery.go:337.122,340.16 3 0
github.com/rkshvish/vortaraos/internal/connector/source/bigquery.go:340.16,342.3 1 0
github.com/rkshvish/vortaraos/internal/connector/source/bigquery.go:344.2,346.6 3 0
github.com/rkshvish/vortaraos/internal/connector/source/bigquery.go:346.6,348.40 2 0
github.com/rkshvish/vortaraos/internal/connector/source/bigquery.go:348.40,349.37 1 0
github.com/rkshvish/vortaraos/internal/connector/source/bigquery.go:349.37,351.5 1 0
github.com/rkshvish/vortaraos/internal/connector/source/bigquery.go:352.4,352.14 1 0
github.com/rkshvish/vortaraos/internal/connector/source/bigquery.go:354.3,354.21 1 0
github.com/rkshvish/vortaraos/internal/connector/source/bigquery.go:354.21,355.12 1 0
github.com/rkshvish/vortaraos/internal/connector/source/bigquery.go:358.3,360.26 3 0
github.com/rkshvish/vortaraos/internal/connector/source/bigquery.go:360.26,362.63 2 0
github.com/rkshvish/vortaraos/internal/connector/source/bigquery.go:362.63,364.5 1 0
github.com/rkshvish/vortaraos/internal/connector/source/bigquery.go:365.4,365.47 1 0
github.com/rkshvish/vortaraos/internal/connector/source/bigquery.go:367.3,370.27 4 0
github.com/rkshvish/vortaraos/internal/connector/source/bigquery.go:370.27,372.4 1 0
github.com/rkshvish/vortaraos/internal/connector/source/bigquery.go:374.3,374.10 1 0
github.com/rkshvish/vortaraos/internal/connector/source/bigquery.go:375.17,375.17 0 0
github.com/rkshvish/vortaraos/internal/connector/source/bigquery.go:376.21,377.20 1 0
github.com/rkshvish/vortaraos/internal/connector/source/bigquery.go:382.80,387.2 4 1
github.com/rkshvish/vortaraos/internal/connector/source/bigquery.go:389.47,391.2 1 1
github.com/rkshvish/vortaraos/internal/connector/source/bigquery.go:393.80,394.36 1 1
github.com/rkshvish/vortaraos/internal/connector/source/bigquery.go:394.36,396.3 1 1
github.com/rkshvish/vortaraos/internal/connector/source/bigquery.go:397.2,398.44 2 0
github.com/rkshvish/vortaraos/internal/connector/source/bigquery.go:398.44,400.3 1 0
github.com/rkshvish/vortaraos/internal/connector/source/bigquery.go:401.2,402.27 2 0
github.com/rkshvish/vortaraos/internal/connector/source/bigquery.go:402.27,403.43 1 0
github.com/rkshvish/vortaraos/internal/connector/source/bigquery.go:403.43,405.4 1 0
github.com/rkshvish/vortaraos/internal/connector/source/bigquery.go:407.2,407.17 1 0
github.com/rkshvish/vortaraos/internal/connector/source/bigquery.go:410.46,411.41 1 1
github.com/rkshvish/vortaraos/internal/connector/source/bigquery.go:411.41,413.3 1 1
github.com/rkshvish/vortaraos/internal/connector/source/bigquery.go:414.2,414.19 1 0
github.com/rkshvish/vortaraos/internal/connector/source/bigquery.go:417.48,418.26 1 1
github.com/rkshvish/vortaraos/internal/connector/source/bigquery.go:418.26,419.71 1 1
github.com/rkshvish/vortaraos/internal/connector/source/bigquery.go:419.71,421.4 1 0
github.com/rkshvish/vortaraos/internal/connector/source/bigquery.go:423.2,423.11 1 1
github.com/rkshvish/vortaraos/internal/connector/source/bigquery.go:426.66,428.27 2 1
github.com/rkshvish/vortaraos/internal/connector/source/bigquery.go:428.27,430.3 1 3
github.com/rkshvish/vortaraos/internal/connector/source/bigquery.go:431.2,431.14 1 1
github.com/rkshvish/vortaraos/internal/connector/source/bigquery.go:434.44,436.2 1 14
github.com/rkshvish/vortaraos/internal/connector/source/bigquery.go:438.58,440.2 1 4
github.com/rkshvish/vortaraos/internal/connector/source/bigquery.go:442.58,444.2 1 3
github.com/rkshvish/vortaraos/internal/connector/source/bigquery.go:446.195,448.27 2 3
github.com/rkshvish/vortaraos/internal/connector/source/bigquery.go:448.27,450.3 1 6
github.com/rkshvish/vortaraos/internal/connector/source/bigquery.go:451.2,451.22 1 3
github.com/rkshvish/vortaraos/internal/connector/source/bigquery.go:451.22,453.3 1 0
github.com/rkshvish/vortaraos/internal/connector/source/bigquery.go:455.2,461.25 7 3
github.com/rkshvish/vortaraos/internal/connector/source/bigquery.go:461.25,465.3 3 2
github.com/rkshvish/vortaraos/internal/connector/source/bigquery.go:466.2,466.27 1 3
github.com/rkshvish/vortaraos/internal/connector/source/bigquery.go:466.27,467.25 1 3
github.com/rkshvish/vortaraos/internal/connector/source/bigquery.go:467.25,469.4 1 1
github.com/rkshvish/vortaraos/internal/connector/source/bigquery.go:469.9,471.4 1 2
github.com/rkshvish/vortaraos/internal/connector/source/bigquery.go:472.3,473.84 2 3
github.com/rkshvish/vortaraos/internal/connector/source/bigquery.go:475.2,478.19 4 3
github.com/rkshvish/vortaraos/internal/connector/source/bigquery.go:478.19,481.3 2 3
github.com/rkshvish/vortaraos/internal/connector/source/bigquery.go:482.2,482.16 1 3
github.com/rkshvish/vortaraos/internal/connector/source/bigquery.go:482.16,485.3 2 0
github.com/rkshvish/vortaraos/internal/connector/source/bigquery.go:486.2,486.32 1 3
github.com/rkshvish/vortaraos/internal/connector/source/bigquery.go:489.67,490.14 1 6
github.com/rkshvish/vortaraos/internal/connector/source/bigquery.go:490.14,492.3 1 1
github.com/rkshvish/vortaraos/internal/connector/source/bigquery.go:493.2,493.25 1 5
github.com/rkshvish/vortaraos/internal/connector/source/bigquery.go:494.14,495.13 1 1
github.com/rkshvish/vortaraos/internal/connector/source/bigquery.go:496.13,497.13 1 1
github.com/rkshvish/vortaraos/internal/connector/source/bigquery.go:498.15,499.13 1 0
github.com/rkshvish/vortaraos/internal/connector/source/bigquery.go:500.12,501.13 1 0
github.com/rkshvish/vortaraos/internal/connector/source/bigquery.go:502.17,503.13 1 1
github.com/rkshvish/vortaraos/internal/connector/source/bigquery.go:504.18,505.71 1 1
github.com/rkshvish/vortaraos/internal/connector/source/bigquery.go:506.24,508.19 2 1
github.com/rkshvish/vortaraos/internal/connector/source/bigquery.go:509.10,511.32 2 0
github.com/rkshvish/vortaraos/internal/connector/source/bigquery.go:515.79,516.17 1 1
github.com/rkshvish/vortaraos/internal/connector/source/bigquery.go:516.17,518.3 1 0
github.com/rkshvish/vortaraos/internal/connector/source/bigquery.go:519.2,519.55 1 1
github.com/rkshvish/vortaraos/internal/connector/source/bigquery.go:519.55,520.43 1 1
github.com/rkshvish/vortaraos/internal/connector/source/bigquery.go:520.43,522.4 1 1
github.com/rkshvish/vortaraos/internal/connector/source/bigquery.go:524.2,524.61 1 0
github.com/rkshvish/vortaraos/internal/connector/source/bigquery.go:524.61,525.43 1 0
github.com/rkshvish/vortaraos/internal/connector/source/bigquery.go:525.43,527.4 1 0
github.com/rkshvish/vortaraos/internal/connector/source/bigquery.go:529.2,529.20 1 0
github.com/rkshvish/vortaraos/internal/connector/source/bigquery.go:532.88,533.50 1 1
github.com/rkshvish/vortaraos/internal/connector/source/bigquery.go:533.50,535.42 2 1
github.com/rkshvish/vortaraos/internal/connector/source/bigquery.go:535.42,537.4 1 1
github.com/rkshvish/vortaraos/internal/connector/source/bigquery.go:538.3,538.34 1 1
github.com/rkshvish/vortaraos/internal/connector/source/bigquery.go:540.2,540.47 1 0
github.com/rkshvish/vortaraos/internal/connector/source/bigquery.go:540.47,541.68 1 0
github.com/rkshvish/vortaraos/internal/connector/source/bigquery.go:541.68,543.4 1 0
github.com/rkshvish/vortaraos/internal/connector/source/bigquery.go:545.2,545.38 1 0
github.com/rkshvish/vortaraos/internal/connector/source/bigquery.go:548.49,549.25 1 1
github.com/rkshvish/vortaraos/internal/connector/source/bigquery.go:550.17,551.24 1 1
github.com/rkshvish/vortaraos/internal/connector/source/bigquery.go:552.18,553.17 1 0
github.com/rkshvish/vortaraos/internal/connector/source/bigquery.go:553.17,555.4 1 0
github.com/rkshvish/vortaraos/internal/connector/source/bigquery.go:556.3,556.24 1 0
github.com/rkshvish/vortaraos/internal/connector/source/bigquery.go:557.18,558.76 1 0
github.com/rkshvish/vortaraos/internal/connector/source/bigquery.go:559.14,560.39 1 0
github.com/rkshvish/vortaraos/internal/connector/source/bigquery.go:561.14,562.47 1 0
github.com/rkshvish/vortaraos/internal/connector/source/bigquery.go:563.10,564.77 1 0
github.com/rkshvish/vortaraos/internal/connector/source/bigquery.go:568.47,569.49 1 3
github.com/rkshvish/vortaraos/internal/connector/source/bigquery.go:570.25,571.18 1 1
github.com/rkshvish/vortaraos/internal/connector/source/bigquery.go:572.26,573.17 1 1
github.com/rkshvish/vortaraos/internal/connector/source/bigquery.go:574.51,575.19 1 0
github.com/rkshvish/vortaraos/internal/connector/source/bigquery.go:576.25,577.16 1 0
github.com/rkshvish/vortaraos/internal/connector/source/bigquery.go:578.39,579.21 1 1
github.com/rkshvish/vortaraos/internal/connector/source/bigquery.go:580.43,581.18 1 0
github.com/rkshvish/vortaraos/internal/connector/source/bigquery.go:582.10,583.49 1 0
github.com/rkshvish/vortaraos/internal/connector/source/bigquery.go:587.58,589.2 1 0
github.com/rkshvish/vortaraos/internal/connector/source/bigquery.go:591.40,593.2 1 0
github.com/rkshvish/vortaraos/internal/connector/source/bigquery.go:595.73,597.2 1 0
github.com/rkshvish/vortaraos/internal/connector/source/bigquery.go:599.74,601.16 2 0
github.com/rkshvish/vortaraos/internal/connector/source/bigquery.go:601.16,603.3 1 0
github.com/rkshvish/vortaraos/internal/connector/source/bigquery.go:604.2,604.44 1 0
github.com/rkshvish/vortaraos/internal/connector/source/bigquery.go:607.66,608.16 1 0
github.com/rkshvish/vortaraos/internal/connector/source/bigquery.go:608.16,610.3 1 0
github.com/rkshvish/vortaraos/internal/connector/source/bigquery.go:611.2,612.47 2 0
github.com/rkshvish/vortaraos/internal/connector/source/bigquery.go:612.47,614.3 1 0
github.com/rkshvish/vortaraos/internal/connector/source/bigquery.go:615.2,616.12 2 0
github.com/rkshvish/vortaraos/internal/connector/source/bigquery.go:619.51,620.58 1 0
github.com/rkshvish/vortaraos/internal/connector/source/bigquery.go:620.58,622.3 1 0
github.com/rkshvish/vortaraos/internal/connector/source/bigquery.go:623.2,624.39 2 0
github.com/rkshvish/vortaraos/internal/connector/source/bigquery.go:624.39,625.19 1 0
github.com/rkshvish/vortaraos/internal/connector/source/bigquery.go:625.19,627.4 1 0
github.com/rkshvish/vortaraos/internal/connector/source/bigquery.go:629.2,629.13 1 0
github.com/rkshvish/vortaraos/internal/connector/source/kafka.go:36.13,37.55 1 1
github.com/rkshvish/vortaraos/internal/connector/source/kafka.go:37.55,39.3 1 0
github.com/rkshvish/vortaraos/internal/connector/source/kafka.go:43.36,45.2 1 1
github.com/rkshvish/vortaraos/internal/connector/source/kafka.go:48.86,50.22 2 1
github.com/rkshvish/vortaraos/internal/connector/source/kafka.go:50.22,52.3 1 1
github.com/rkshvish/vortaraos/internal/connector/source/kafka.go:53.2,53.22 1 1
github.com/rkshvish/vortaraos/internal/connector/source/kafka.go:53.22,55.3 1 1
github.com/rkshvish/vortaraos/internal/connector/source/kafka.go:56.2,56.40 1 0
github.com/rkshvish/vortaraos/internal/connector/source/kafka.go:56.40,58.3 1 0
github.com/rkshvish/vortaraos/internal/connector/source/kafka.go:59.2,59.42 1 0
github.com/rkshvish/vortaraos/internal/connector/source/kafka.go:59.42,60.25 1 0
github.com/rkshvish/vortaraos/internal/connector/source/kafka.go:60.25,62.4 1 0
github.com/rkshvish/vortaraos/internal/connector/source/kafka.go:64.2,64.42 1 0
github.com/rkshvish/vortaraos/internal/connector/source/kafka.go:64.42,66.3 1 0
github.com/rkshvish/vortaraos/internal/connector/source/kafka.go:68.2,69.16 2 0
github.com/rkshvish/vortaraos/internal/connector/source/kafka.go:69.16,71.3 1 0
github.com/rkshvish/vortaraos/internal/connector/source/kafka.go:73.2,84.16 3 0
github.com/rkshvish/vortaraos/internal/connector/source/kafka.go:84.16,87.3 2 0
github.com/rkshvish/vortaraos/internal/connector/source/kafka.go:88.2,92.12 4 0
github.com/rkshvish/vortaraos/internal/connector/source/kafka.go:97.80,98.21 1 3
github.com/rkshvish/vortaraos/internal/connector/source/kafka.go:98.21,100.3 1 0
github.com/rkshvish/vortaraos/internal/connector/source/kafka.go:102.2,102.6 1 3
github.com/rkshvish/vortaraos/internal/connector/source/kafka.go:102.6,103.35 1 6
github.com/rkshvish/vortaraos/internal/connector/source/kafka.go:103.35,105.4 1 0
github.com/rkshvish/vortaraos/internal/connector/source/kafka.go:107.3,108.17 2 6
github.com/rkshvish/vortaraos/internal/connector/source/kafka.go:108.17,109.84 1 3
github.com/rkshvish/vortaraos/internal/connector/source/kafka.go:109.84,111.5 1 3
github.com/rkshvish/vortaraos/internal/connector/source/kafka.go:112.4,112.14 1 0
github.com/rkshvish/vortaraos/internal/connector/source/kafka.go:115.3,129.10 7 3
github.com/rkshvish/vortaraos/internal/connector/source/kafka.go:130.22,130.22 0 3
github.com/rkshvish/vortaraos/internal/connector/source/kafka.go:131.21,132.20 1 0
github.com/rkshvish/vortaraos/internal/connector/source/kafka.go:138.68,141.9 3 2
github.com/rkshvish/vortaraos/internal/connector/source/kafka.go:141.9,144.3 2 1
github.com/rkshvish/vortaraos/internal/connector/source/kafka.go:145.2,145.58 1 1
github.com/rkshvish/vortaraos/internal/connector/source/kafka.go:145.58,148.3 2 0
github.com/rkshvish/vortaraos/internal/connector/source/kafka.go:149.2,151.12 3 1
github.com/rkshvish/vortaraos/internal/connector/source/kafka.go:155.69,160.2 4 1
github.com/rkshvish/vortaraos/internal/connector/source/kafka.go:163.37,164.21 1 0
github.com/rkshvish/vortaraos/internal/connector/source/kafka.go:164.21,166.3 1 0
github.com/rkshvish/vortaraos/internal/connector/source/kafka.go:167.2,167.25 1 0
github.com/rkshvish/vortaraos/internal/connector/source/kafka.go:170.43,171.23 1 3
github.com/rkshvish/vortaraos/internal/connector/source/kafka.go:171.23,173.3 1 0
github.com/rkshvish/vortaraos/internal/connector/source/kafka.go:174.2,174.31 1 3
github.com/rkshvish/vortaraos/internal/connector/source/kafka.go:177.45,178.58 1 3
github.com/rkshvish/vortaraos/internal/connector/source/kafka.go:178.58,180.3 1 3
github.com/rkshvish/vortaraos/internal/connector/source/kafka.go:181.2,181.11 1 0
github.com/rkshvish/vortaraos/internal/connector/source/kafka.go:184.54,187.29 3 0
github.com/rkshvish/vortaraos/internal/connector/source/kafka.go:187.29,189.19 2 0
github.com/rkshvish/vortaraos/internal/connector/source/kafka.go:189.19,190.12 1 0
github.com/rkshvish/vortaraos/internal/connector/source/kafka.go:192.3,193.45 2 0
github.com/rkshvish/vortaraos/internal/connector/source/kafka.go:193.45,195.4 1 0
github.com/rkshvish/vortaraos/internal/connector/source/kafka.go:196.3,196.36 1 0
github.com/rkshvish/vortaraos/internal/connector/source/kafka.go:198.2,198.23 1 0
github.com/rkshvish/vortaraos/internal/connector/source/kafka.go:198.23,200.3 1 0
github.com/rkshvish/vortaraos/internal/connector/source/kafka.go:201.2,201.21 1 0
github.com/rkshvish/vortaraos/internal/connector/source/kafka.go:204.61,209.45 4 3
[...]
github.com/rkshvish/vortaraos/internal/connector/destination/salesforce.go:559.17,561.4 1 0
github.com/rkshvish/vortaraos/internal/connector/destination/salesforce.go:562.3,562.20 1 8
github.com/rkshvish/vortaraos/internal/connector/destination/salesforce.go:562.20,563.44 1 8
github.com/rkshvish/vortaraos/internal/connector/destination/salesforce.go:563.44,565.5 1 0
github.com/rkshvish/vortaraos/internal/connector/destination/salesforce.go:567.3,568.17 2 8
github.com/rkshvish/vortaraos/internal/connector/destination/salesforce.go:568.17,571.4 2 0
github.com/rkshvish/vortaraos/internal/connector/destination/salesforce.go:572.3,574.54 3 8
github.com/rkshvish/vortaraos/internal/connector/destination/salesforce.go:574.54,576.4 1 0
github.com/rkshvish/vortaraos/internal/connector/destination/salesforce.go:577.3,578.17 2 8
github.com/rkshvish/vortaraos/internal/connector/destination/salesforce.go:578.17,580.4 1 0
github.com/rkshvish/vortaraos/internal/connector/destination/salesforce.go:581.3,582.30 2 8
github.com/rkshvish/vortaraos/internal/connector/destination/salesforce.go:586.93,587.22 1 32
github.com/rkshvish/vortaraos/internal/connector/destination/salesforce.go:587.22,589.3 1 32
github.com/rkshvish/vortaraos/internal/connector/destination/salesforce.go:590.2,591.42 2 0
github.com/rkshvish/vortaraos/internal/connector/destination/salesforce.go:591.42,596.3 2 0
github.com/rkshvish/vortaraos/internal/connector/destination/salesforce.go:597.2,597.58 1 0
github.com/rkshvish/vortaraos/internal/connector/destination/salesforce.go:597.58,601.3 1 0
github.com/rkshvish/vortaraos/internal/connector/destination/salesforce.go:602.2,602.12 1 0
github.com/rkshvish/vortaraos/internal/connector/destination/salesforce.go:605.95,606.22 1 0
github.com/rkshvish/vortaraos/internal/connector/destination/salesforce.go:606.22,608.3 1 0
github.com/rkshvish/vortaraos/internal/connector/destination/salesforce.go:609.2,611.53 3 0
github.com/rkshvish/vortaraos/internal/connector/destination/salesforce.go:611.53,616.3 1 0
github.com/rkshvish/vortaraos/internal/connector/destination/salesforce.go:619.112,620.22 1 32
github.com/rkshvish/vortaraos/internal/connector/destination/salesforce.go:620.22,622.3 1 32
github.com/rkshvish/vortaraos/internal/connector/destination/salesforce.go:623.2,624.50 2 0
github.com/rkshvish/vortaraos/internal/connector/destination/salesforce.go:624.50,627.3 2 0
github.com/rkshvish/vortaraos/internal/connector/destination/salesforce.go:628.2,629.60 2 0
github.com/rkshvish/vortaraos/internal/connector/destination/salesforce.go:629.60,633.3 1 0
github.com/rkshvish/vortaraos/internal/connector/destination/salesforce.go:636.53,637.74 1 11
github.com/rkshvish/vortaraos/internal/connector/destination/salesforce.go:637.74,638.55 1 3
github.com/rkshvish/vortaraos/internal/connector/destination/salesforce.go:638.55,640.4 1 3
github.com/rkshvish/vortaraos/internal/connector/destination/salesforce.go:642.2,642.12 1 8
github.com/rkshvish/vortaraos/internal/connector/destination/salesforce.go:645.51,646.20 1 5
github.com/rkshvish/vortaraos/internal/connector/destination/salesforce.go:646.20,648.3 1 0
github.com/rkshvish/vortaraos/internal/connector/destination/salesforce.go:649.2,653.26 5 5
github.com/rkshvish/vortaraos/internal/connector/destination/salesforce.go:653.26,655.31 2 902
github.com/rkshvish/vortaraos/internal/connector/destination/salesforce.go:655.31,656.49 1 2706
github.com/rkshvish/vortaraos/internal/connector/destination/salesforce.go:656.49,658.5 1 2705
github.com/rkshvish/vortaraos/internal/connector/destination/salesforce.go:660.3,660.22 1 902
github.com/rkshvish/vortaraos/internal/connector/destination/salesforce.go:662.2,663.29 2 5
github.com/rkshvish/vortaraos/internal/connector/destination/salesforce.go:666.81,668.25 2 6
github.com/rkshvish/vortaraos/internal/connector/destination/salesforce.go:668.25,669.16 1 16
github.com/rkshvish/vortaraos/internal/connector/destination/salesforce.go:669.16,670.12 1 6
github.com/rkshvish/vortaraos/internal/connector/destination/salesforce.go:672.3,672.13 1 10
github.com/rkshvish/vortaraos/internal/connector/destination/salesforce.go:674.2,674.12 1 6
github.com/rkshvish/vortaraos/internal/connector/destination/salesforce.go:677.55,679.22 2 5
github.com/rkshvish/vortaraos/internal/connector/destination/salesforce.go:679.22,681.3 1 15
github.com/rkshvish/vortaraos/internal/connector/destination/salesforce.go:682.2,683.13 2 5
github.com/rkshvish/vortaraos/internal/connector/destination/salesforce.go:686.39,688.20 2 4
github.com/rkshvish/vortaraos/internal/connector/destination/salesforce.go:688.20,690.3 1 0
github.com/rkshvish/vortaraos/internal/connector/destination/salesforce.go:691.2,691.44 1 4
github.com/rkshvish/vortaraos/internal/connector/destination/slack.go:34.13,35.51 1 1
github.com/rkshvish/vortaraos/internal/connector/destination/slack.go:35.51,37.3 1 0
github.com/rkshvish/vortaraos/internal/connector/destination/slack.go:41.46,45.2 1 7
github.com/rkshvish/vortaraos/internal/connector/destination/slack.go:48.93,50.19 2 8
github.com/rkshvish/vortaraos/internal/connector/destination/slack.go:50.19,52.3 1 1
github.com/rkshvish/vortaraos/internal/connector/destination/slack.go:53.2,53.19 1 8
github.com/rkshvish/vortaraos/internal/connector/destination/slack.go:53.19,55.3 1 1
github.com/rkshvish/vortaraos/internal/connector/destination/slack.go:56.2,56.56 1 7
github.com/rkshvish/vortaraos/internal/connector/destination/slack.go:56.56,58.3 1 0
github.com/rkshvish/vortaraos/internal/connector/destination/slack.go:59.2,60.19 2 7
github.com/rkshvish/vortaraos/internal/connector/destination/slack.go:60.19,62.3 1 1
github.com/rkshvish/vortaraos/internal/connector/destination/slack.go:63.2,64.16 2 6
github.com/rkshvish/vortaraos/internal/connector/destination/slack.go:64.16,66.3 1 0
github.com/rkshvish/vortaraos/internal/connector/destination/slack.go:67.2,71.12 5 6
github.com/rkshvish/vortaraos/internal/connector/destination/slack.go:77.73,78.84 1 13
github.com/rkshvish/vortaraos/internal/connector/destination/slack.go:78.84,81.24 3 13
github.com/rkshvish/vortaraos/internal/connector/destination/slack.go:81.24,83.4 1 1
github.com/rkshvish/vortaraos/internal/connector/destination/slack.go:84.3,84.32 1 12
github.com/rkshvish/vortaraos/internal/connector/destination/slack.go:89.144,91.34 2 9
github.com/rkshvish/vortaraos/internal/connector/destination/slack.go:91.34,93.3 1 0
github.com/rkshvish/vortaraos/internal/connector/destination/slack.go:94.2,94.21 1 9
github.com/rkshvish/vortaraos/internal/connector/destination/slack.go:94.21,96.3 1 0
github.com/rkshvish/vortaraos/internal/connector/destination/slack.go:98.2,98.26 1 9
github.com/rkshvish/vortaraos/internal/connector/destination/slack.go:98.26,99.35 1 12
github.com/rkshvish/vortaraos/internal/connector/destination/slack.go:99.35,101.4 1 0
github.com/rkshvish/vortaraos/internal/connector/destination/slack.go:103.3,104.17 2 12
github.com/rkshvish/vortaraos/internal/connector/destination/slack.go:104.17,106.12 2 0
github.com/rkshvish/vortaraos/internal/connector/destination/slack.go:108.3,108.16 1 12
github.com/rkshvish/vortaraos/internal/connector/destination/slack.go:108.16,110.12 2 4
github.com/rkshvish/vortaraos/internal/connector/destination/slack.go:113.3,113.27 1 8
github.com/rkshvish/vortaraos/internal/connector/destination/slack.go:113.27,114.50 1 0
github.com/rkshvish/vortaraos/internal/connector/destination/slack.go:114.50,116.5 1 0
github.com/rkshvish/vortaraos/internal/connector/destination/slack.go:119.3,119.80 1 8
github.com/rkshvish/vortaraos/internal/connector/destination/slack.go:119.80,121.12 2 3
github.com/rkshvish/vortaraos/internal/connector/destination/slack.go:124.3,124.75 1 5
github.com/rkshvish/vortaraos/internal/connector/destination/slack.go:124.75,126.12 2 0
github.com/rkshvish/vortaraos/internal/connector/destination/slack.go:128.3,128.18 1 5
github.com/rkshvish/vortaraos/internal/connector/destination/slack.go:130.2,130.20 1 9
github.com/rkshvish/vortaraos/internal/connector/destination/slack.go:133.80,135.16 2 8
github.com/rkshvish/vortaraos/internal/connector/destination/slack.go:135.16,137.3 1 0
github.com/rkshvish/vortaraos/internal/connector/destination/slack.go:138.2,139.16 2 8
github.com/rkshvish/vortaraos/internal/connector/destination/slack.go:139.16,141.3 1 0
github.com/rkshvish/vortaraos/internal/connector/destination/slack.go:142.2,144.16 3 8
github.com/rkshvish/vortaraos/internal/connector/destination/slack.go:144.16,146.3 1 1
github.com/rkshvish/vortaraos/internal/connector/destination/slack.go:147.2,148.28 2 7
github.com/rkshvish/vortaraos/internal/connector/destination/slack.go:148.28,151.3 2 2
github.com/rkshvish/vortaraos/internal/connector/destination/slack.go:152.2,152.12 1 5
github.com/rkshvish/vortaraos/internal/connector/destination/slack.go:156.42,157.21 1 0
github.com/rkshvish/vortaraos/internal/connector/destination/slack.go:157.21,159.3 1 0
github.com/rkshvish/vortaraos/internal/connector/destination/slack.go:160.2,160.12 1 0
github.com/rkshvish/vortaraos/internal/connector/destination/snowflake.go:41.13,42.55 1 1
github.com/rkshvish/vortaraos/internal/connector/destination/snowflake.go:42.55,44.3 1 0
github.com/rkshvish/vortaraos/internal/connector/destination/snowflake.go:47.61,49.2 1 0
github.com/rkshvish/vortaraos/internal/connector/destination/snowflake.go:52.54,54.2 1 2
github.com/rkshvish/vortaraos/internal/connector/destination/snowflake.go:57.97,59.17 2 4
github.com/rkshvish/vortaraos/internal/connector/destination/snowflake.go:59.17,61.3 1 1
github.com/rkshvish/vortaraos/internal/connector/destination/snowflake.go:62.2,63.20 2 3
github.com/rkshvish/vortaraos/internal/connector/destination/snowflake.go:63.20,65.3 1 0
github.com/rkshvish/vortaraos/internal/connector/destination/snowflake.go:66.2,66.18 1 3
github.com/rkshvish/vortaraos/internal/connector/destination/snowflake.go:67.53,67.53 0 2
github.com/rkshvish/vortaraos/internal/connector/destination/snowflake.go:68.10,69.126 1 1
github.com/rkshvish/vortaraos/internal/connector/destination/snowflake.go:71.2,72.52 2 2
github.com/rkshvish/vortaraos/internal/connector/destination/snowflake.go:72.52,73.40 1 2
github.com/rkshvish/vortaraos/internal/connector/destination/snowflake.go:73.40,75.4 1 0
github.com/rkshvish/vortaraos/internal/connector/destination/snowflake.go:77.2,77.79 1 2
github.com/rkshvish/vortaraos/internal/connector/destination/snowflake.go:77.79,79.3 1 1
github.com/rkshvish/vortaraos/internal/connector/destination/snowflake.go:81.2,82.18 2 1
github.com/rkshvish/vortaraos/internal/connector/destination/snowflake.go:82.18,84.3 1 1
github.com/rkshvish/vortaraos/internal/connector/destination/snowflake.go:85.2,85.18 1 1
github.com/rkshvish/vortaraos/internal/connector/destination/snowflake.go:85.18,87.3 1 1
github.com/rkshvish/vortaraos/internal/connector/destination/snowflake.go:88.2,89.16 2 0
github.com/rkshvish/vortaraos/internal/connector/destination/snowflake.go:89.16,91.3 1 0
github.com/rkshvish/vortaraos/internal/connector/destination/snowflake.go:92.2,101.16 2 0
github.com/rkshvish/vortaraos/internal/connector/destination/snowflake.go:101.16,103.3 1 0
github.com/rkshvish/vortaraos/internal/connector/destination/snowflake.go:104.2,105.16 2 0
github.com/rkshvish/vortaraos/internal/connector/destination/snowflake.go:105.16,107.3 1 0
github.com/rkshvish/vortaraos/internal/connector/destination/snowflake.go:108.2,108.44 1 0
github.com/rkshvish/vortaraos/internal/connector/destination/snowflake.go:108.44,111.3 2 0
github.com/rkshvish/vortaraos/internal/connector/destination/snowflake.go:113.2,120.12 8 0
github.com/rkshvish/vortaraos/internal/connector/destination/snowflake.go:124.148,126.34 2 1
github.com/rkshvish/vortaraos/internal/connector/destination/snowflake.go:126.34,128.3 1 0
github.com/rkshvish/vortaraos/internal/connector/destination/snowflake.go:129.2,129.17 1 1
github.com/rkshvish/vortaraos/internal/connector/destination/snowflake.go:129.17,131.3 1 1
github.com/rkshvish/vortaraos/internal/connector/destination/snowflake.go:132.2,132.20 1 0
github.com/rkshvish/vortaraos/internal/connector/destination/snowflake.go:132.20,134.3 1 0
github.com/rkshvish/vortaraos/internal/connector/destination/snowflake.go:136.2,136.29 1 0
github.com/rkshvish/vortaraos/internal/connector/destination/snowflake.go:136.29,137.53 1 0
github.com/rkshvish/vortaraos/internal/connector/destination/snowflake.go:137.53,139.4 1 0
github.com/rkshvish/vortaraos/internal/connector/destination/snowflake.go:142.2,143.26 2 0
github.com/rkshvish/vortaraos/internal/connector/destination/snowflake.go:143.26,144.35 1 0
github.com/rkshvish/vortaraos/internal/connector/destination/snowflake.go:144.35,146.4 1 0
github.com/rkshvish/vortaraos/internal/connector/destination/snowflake.go:147.3,147.25 1 0
github.com/rkshvish/vortaraos/internal/connector/destination/snowflake.go:147.25,149.18 2 0
github.com/rkshvish/vortaraos/internal/connector/destination/snowflake.go:149.18,151.13 2 0
github.com/rkshvish/vortaraos/internal/connector/destination/snowflake.go:153.4,153.17 1 0
github.com/rkshvish/vortaraos/internal/connector/destination/snowflake.go:153.17,155.13 2 0
github.com/rkshvish/vortaraos/internal/connector/destination/snowflake.go:159.3,159.45 1 0
github.com/rkshvish/vortaraos/internal/connector/destination/snowflake.go:159.45,161.12 2 0
github.com/rkshvish/vortaraos/internal/connector/destination/snowflake.go:164.3,164.25 1 0
github.com/rkshvish/vortaraos/internal/connector/destination/snowflake.go:164.25,165.76 1 0
github.com/rkshvish/vortaraos/internal/connector/destination/snowflake.go:165.76,167.13 2 0
github.com/rkshvish/vortaraos/internal/connector/destination/snowflake.go:170.3,170.18 1 0
github.com/rkshvish/vortaraos/internal/connector/destination/snowflake.go:172.2,172.20 1 0
github.com/rkshvish/vortaraos/internal/connector/destination/snowflake.go:178.80,180.54 2 0
github.com/rkshvish/vortaraos/internal/connector/destination/snowflake.go:180.54,182.3 1 0
github.com/rkshvish/vortaraos/internal/connector/destination/snowflake.go:183.2,184.16 2 0
github.com/rkshvish/vortaraos/internal/connector/destination/snowflake.go:184.16,185.32 1 0
github.com/rkshvish/vortaraos/internal/connector/destination/snowflake.go:185.32,188.4 2 0
github.com/rkshvish/vortaraos/internal/connector/destination/snowflake.go:189.8,189.31 1 0
github.com/rkshvish/vortaraos/internal/connector/destination/snowflake.go:189.31,192.3 2 0
github.com/rkshvish/vortaraos/internal/connector/destination/snowflake.go:193.2,195.97 2 0
github.com/rkshvish/vortaraos/internal/connector/destination/snowflake.go:195.97,197.3 1 0
github.com/rkshvish/vortaraos/internal/connector/destination/snowflake.go:199.2,200.16 2 0
github.com/rkshvish/vortaraos/internal/connector/destination/snowflake.go:200.16,201.32 1 0
github.com/rkshvish/vortaraos/internal/connector/destination/snowflake.go:201.32,203.4 1 0
github.com/rkshvish/vortaraos/internal/connector/destination/snowflake.go:204.3,204.35 1 0
github.com/rkshvish/vortaraos/internal/connector/destination/snowflake.go:205.8,207.3 1 0
github.com/rkshvish/vortaraos/internal/connector/destination/snowflake.go:208.2,209.12 2 0
github.com/rkshvish/vortaraos/internal/connector/destination/snowflake.go:212.80,214.20 2 0
github.com/rkshvish/vortaraos/internal/connector/destination/snowflake.go:214.20,216.3 1 0
github.com/rkshvish/vortaraos/internal/connector/destination/snowflake.go:217.2,219.20 3 0
github.com/rkshvish/vortaraos/internal/connector/destination/snowflake.go:220.15,223.13 3 0
github.com/rkshvish/vortaraos/internal/connector/destination/snowflake.go:224.23,226.72 2 0
github.com/rkshvish/vortaraos/internal/connector/destination/snowflake.go:226.72,228.4 1 0
github.com/rkshvish/vortaraos/internal/connector/destination/snowflake.go:229.3,231.13 3 0
github.com/rkshvish/vortaraos/internal/connector/destination/snowflake.go:232.10,235.13 3 0
github.com/rkshvish/vortaraos/internal/connector/destination/snowflake.go:240.46,241.17 1 0
github.com/rkshvish/vortaraos/internal/connector/destination/snowflake.go:241.17,245.3 3 0
github.com/rkshvish/vortaraos/internal/connector/destination/snowflake.go:246.2,246.12 1 0
github.com/rkshvish/vortaraos/internal/connector/destination/snowflake.go:249.56,251.2 1 0
github.com/rkshvish/vortaraos/internal/connector/destination/snowflake.go:254.46,257.2 2 13
github.com/rkshvish/vortaraos/internal/connector/destination/snowflake.go:259.58,261.22 2 0
github.com/rkshvish/vortaraos/internal/connector/destination/snowflake.go:261.22,263.3 1 0
github.com/rkshvish/vortaraos/internal/connector/destination/snowflake.go:264.2,265.13 2 0
github.com/rkshvish/vortaraos/internal/connector/destination/snowflake.go:269.101,273.25 4 1
github.com/rkshvish/vortaraos/internal/connector/destination/snowflake.go:273.25,277.3 3 2
github.com/rkshvish/vortaraos/internal/connector/destination/snowflake.go:278.2,278.124 1 1
github.com/rkshvish/vortaraos/internal/connector/destination/snowflake.go:282.118,285.25 3 1
github.com/rkshvish/vortaraos/internal/connector/destination/snowflake.go:285.25,288.3 2 3
github.com/rkshvish/vortaraos/internal/connector/destination/snowflake.go:290.2,292.28 3 1
github.com/rkshvish/vortaraos/internal/connector/destination/snowflake.go:292.28,296.3 3 1
github.com/rkshvish/vortaraos/internal/connector/destination/snowflake.go:298.2,301.25 4 1
github.com/rkshvish/vortaraos/internal/connector/destination/snowflake.go:301.25,305.55 4 3
github.com/rkshvish/vortaraos/internal/connector/destination/snowflake.go:305.55,307.4 1 2
github.com/rkshvish/vortaraos/internal/connector/destination/snowflake.go:310.2,311.22 2 1
github.com/rkshvish/vortaraos/internal/connector/destination/snowflake.go:311.22,313.3 1 1
github.com/rkshvish/vortaraos/internal/connector/destination/snowflake.go:314.2,315.20 2 1
github.com/rkshvish/vortaraos/internal/connector/destination/snowflake.go:319.104,322.28 3 1
github.com/rkshvish/vortaraos/internal/connector/destination/snowflake.go:322.28,325.3 2 2
github.com/rkshvish/vortaraos/internal/connector/destination/snowflake.go:326.2,326.80 1 1
github.com/rkshvish/vortaraos/internal/connector/destination/snowflake.go:332.39,333.25 1 10
github.com/rkshvish/vortaraos/internal/connector/destination/snowflake.go:334.45,336.17 2 2
github.com/rkshvish/vortaraos/internal/connector/destination/snowflake.go:336.17,338.4 1 0
github.com/rkshvish/vortaraos/internal/connector/destination/snowflake.go:339.3,339.19 1 2
github.com/rkshvish/vortaraos/internal/connector/destination/snowflake.go:340.17,341.19 1 0
github.com/rkshvish/vortaraos/internal/connector/destination/snowflake.go:342.10,343.11 1 8
github.com/rkshvish/vortaraos/internal/connector/destination/snowflake.go:358.71,360.16 2 4
github.com/rkshvish/vortaraos/internal/connector/destination/snowflake.go:360.16,362.3 1 0
github.com/rkshvish/vortaraos/internal/connector/destination/snowflake.go:363.2,363.19 1 4
github.com/rkshvish/vortaraos/internal/connector/destination/snowflake.go:363.19,365.3 1 1
github.com/rkshvish/vortaraos/internal/connector/destination/snowflake.go:366.2,369.51 4 3
github.com/rkshvish/vortaraos/internal/connector/destination/snowflake.go:369.51,371.3 1 0
github.com/rkshvish/vortaraos/internal/connector/destination/snowflake.go:372.2,373.58 2 3
github.com/rkshvish/vortaraos/internal/connector/destination/snowflake.go:373.58,375.3 1 1
github.com/rkshvish/vortaraos/internal/connector/destination/snowflake.go:376.2,385.58 2 2
github.com/rkshvish/vortaraos/internal/connector/destination/snowflake.go:385.58,387.3 1 1
github.com/rkshvish/vortaraos/internal/connector/destination/snowflake.go:388.2,388.18 1 2
github.com/rkshvish/vortaraos/internal/connector/destination/snowflake.go:391.61,393.21 2 2
github.com/rkshvish/vortaraos/internal/connector/destination/snowflake.go:393.21,395.3 1 1
github.com/rkshvish/vortaraos/internal/connector/destination/snowflake.go:396.2,396.60 1 1
